<?xml version="1.0" encoding="UTF-8" ?>
<testsuites>
  <testsuite errors="0" failures="0" hostname="Cognomen" id="0" name="LinkedVisHierDataUnitSpec" package="cow" tests="5" time="0.163" timestamp="2013-06-22T12:15:50">
      <properties />

      <testcase classname="cow.LinkedVisHierDataUnitSpec" name="test writeCategorySection" time="0.051" />

      <testcase classname="cow.LinkedVisHierDataUnitSpec" name="test writeHierSection" time="0.0090" />

      <testcase classname="cow.LinkedVisHierDataUnitSpec" name="test writeAssaysSection" time="0.019" />

      <testcase classname="cow.LinkedVisHierDataUnitSpec" name="test createAssayCrossSection" time="0.024" />

      <testcase classname="cow.LinkedVisHierDataUnitSpec" name="test createCombinedListing" time="0.036" />

      <system-out><![CDATA[]]></system-out>

      <system-err><![CDATA[--Output from test writeCategorySection--
--Output from test writeHierSection--
--Output from test writeAssaysSection--
--Output from test createAssayCrossSection--
--Output from test createCombinedListing--
]]></system-err>

  </testsuite>
</testsuites>
