<?xml version="1.0" encoding="UTF-8" ?>
<testsuites>
  <testsuite errors="0" failures="0" hostname="Cognomen" id="0" name="LinkedVisHierDataUnitSpec" package="cow" tests="5" time="0.19" timestamp="2013-06-23T21:07:20">
      <properties />

      <testcase classname="cow.LinkedVisHierDataUnitSpec" name="test writeCategorySection" time="0.063" />

      <testcase classname="cow.LinkedVisHierDataUnitSpec" name="test writeHierSection" time="0.0080" />

      <testcase classname="cow.LinkedVisHierDataUnitSpec" name="test writeAssaysSection" time="0.021" />

      <testcase classname="cow.LinkedVisHierDataUnitSpec" name="test createAssayCrossSection" time="0.031" />

      <testcase classname="cow.LinkedVisHierDataUnitSpec" name="test createCombinedListing" time="0.04" />

      <system-out><![CDATA[]]></system-out>

      <system-err><![CDATA[--Output from test writeCategorySection--
--Output from test writeHierSection--
--Output from test writeAssaysSection--
--Output from test createAssayCrossSection--
--Output from test createCombinedListing--
]]></system-err>

  </testsuite>
</testsuites>
