2013-05-18 23:53:58,805 [http-bio-8028-exec-3] ERROR StackTrace  - Full Stack Trace:
java.lang.NullPointerException: Cannot invoke method getBytes() on null object
	at org.codehaus.groovy.runtime.NullObject.invokeMethod(NullObject.java:77)
	at org.codehaus.groovy.runtime.callsite.PogoMetaClassSite.call(PogoMetaClassSite.java:45)
	at org.codehaus.groovy.runtime.callsite.CallSiteArray.defaultCall(CallSiteArray.java:45)
	at org.codehaus.groovy.runtime.callsite.NullCallSite.call(NullCallSite.java:32)
	at org.codehaus.groovy.runtime.callsite.CallSiteArray.defaultCall(CallSiteArray.java:45)
	at org.codehaus.groovy.runtime.callsite.AbstractCallSite.call(AbstractCallSite.java:108)
	at org.codehaus.groovy.runtime.callsite.AbstractCallSite.call(AbstractCallSite.java:112)
	at cow.HonolController.citysource(HonolController.groovy:14)
	at sun.reflect.NativeMethodAccessorImpl.invoke0(Native Method)
	at sun.reflect.NativeMethodAccessorImpl.invoke(Unknown Source)
	at sun.reflect.DelegatingMethodAccessorImpl.invoke(Unknown Source)
	at java.lang.reflect.Method.invoke(Unknown Source)
	at org.codehaus.groovy.grails.web.servlet.mvc.MixedGrailsControllerHelper.invoke(MixedGrailsControllerHelper.java:69)
	at org.codehaus.groovy.grails.web.servlet.mvc.AbstractGrailsControllerHelper.handleAction(AbstractGrailsControllerHelper.java:334)
	at org.codehaus.groovy.grails.web.servlet.mvc.AbstractGrailsControllerHelper.executeAction(AbstractGrailsControllerHelper.java:217)
	at org.codehaus.groovy.grails.web.servlet.mvc.AbstractGrailsControllerHelper.handleURI(AbstractGrailsControllerHelper.java:183)
	at org.codehaus.groovy.grails.web.servlet.mvc.AbstractGrailsControllerHelper.handleURI(AbstractGrailsControllerHelper.java:116)
	at org.codehaus.groovy.grails.web.servlet.mvc.SimpleGrailsController.handleRequest(SimpleGrailsController.java:72)
	at org.springframework.web.servlet.mvc.SimpleControllerHandlerAdapter.handle(SimpleControllerHandlerAdapter.java:48)
	at org.codehaus.groovy.grails.web.servlet.GrailsDispatcherServlet.doDispatch(GrailsDispatcherServlet.java:328)
	at org.springframework.web.servlet.DispatcherServlet.doService(DispatcherServlet.java:852)
	at org.springframework.web.servlet.FrameworkServlet.processRequest(FrameworkServlet.java:882)
	at org.springframework.web.servlet.FrameworkServlet.doGet(FrameworkServlet.java:778)
	at javax.servlet.http.HttpServlet.service(HttpServlet.java:621)
	at javax.servlet.http.HttpServlet.service(HttpServlet.java:722)
	at org.apache.catalina.core.ApplicationFilterChain.internalDoFilter(ApplicationFilterChain.java:305)
	at org.apache.catalina.core.ApplicationFilterChain.doFilter(ApplicationFilterChain.java:210)
	at grails.plugin.cache.web.filter.PageFragmentCachingFilter.doFilter(PageFragmentCachingFilter.java:195)
	at grails.plugin.cache.web.filter.AbstractFilter.doFilter(AbstractFilter.java:63)
	at org.springframework.web.filter.DelegatingFilterProxy.invokeDelegate(DelegatingFilterProxy.java:346)
	at org.springframework.web.filter.DelegatingFilterProxy.doFilter(DelegatingFilterProxy.java:259)
	at org.apache.catalina.core.ApplicationFilterChain.internalDoFilter(ApplicationFilterChain.java:243)
	at org.apache.catalina.core.ApplicationFilterChain.doFilter(ApplicationFilterChain.java:210)
	at org.springframework.web.filter.OncePerRequestFilter.doFilter(OncePerRequestFilter.java:70)
	at org.apache.catalina.core.ApplicationFilterChain.internalDoFilter(ApplicationFilterChain.java:243)
	at org.apache.catalina.core.ApplicationFilterChain.doFilter(ApplicationFilterChain.java:210)
	at org.springframework.web.filter.OncePerRequestFilter.doFilter(OncePerRequestFilter.java:70)
	at org.apache.catalina.core.ApplicationFilterChain.internalDoFilter(ApplicationFilterChain.java:243)
	at org.apache.catalina.core.ApplicationFilterChain.doFilter(ApplicationFilterChain.java:210)
	at org.springframework.web.filter.OncePerRequestFilter.doFilter(OncePerRequestFilter.java:70)
	at org.apache.catalina.core.ApplicationFilterChain.internalDoFilter(ApplicationFilterChain.java:243)
	at org.apache.catalina.core.ApplicationFilterChain.doFilter(ApplicationFilterChain.java:210)
	at org.apache.catalina.core.ApplicationDispatcher.invoke(ApplicationDispatcher.java:749)
	at org.apache.catalina.core.ApplicationDispatcher.processRequest(ApplicationDispatcher.java:487)
	at org.apache.catalina.core.ApplicationDispatcher.doForward(ApplicationDispatcher.java:412)
	at org.apache.catalina.core.ApplicationDispatcher.forward(ApplicationDispatcher.java:339)
	at org.codehaus.groovy.grails.web.util.WebUtils.forwardRequestForUrlMappingInfo(WebUtils.java:314)
	at org.codehaus.groovy.grails.web.util.WebUtils.forwardRequestForUrlMappingInfo(WebUtils.java:279)
	at org.codehaus.groovy.grails.web.util.WebUtils.forwardRequestForUrlMappingInfo(WebUtils.java:270)
	at org.codehaus.groovy.grails.web.mapping.filter.UrlMappingsFilter.doFilterInternal(UrlMappingsFilter.java:221)
	at org.springframework.web.filter.OncePerRequestFilter.doFilter(OncePerRequestFilter.java:76)
	at org.apache.catalina.core.ApplicationFilterChain.internalDoFilter(ApplicationFilterChain.java:243)
	at org.apache.catalina.core.ApplicationFilterChain.doFilter(ApplicationFilterChain.java:210)
	at org.codehaus.groovy.grails.web.sitemesh.GrailsPageFilter.obtainContent(GrailsPageFilter.java:200)
	at org.codehaus.groovy.grails.web.sitemesh.GrailsPageFilter.doFilter(GrailsPageFilter.java:151)
	at org.apache.catalina.core.ApplicationFilterChain.internalDoFilter(ApplicationFilterChain.java:243)
	at org.apache.catalina.core.ApplicationFilterChain.doFilter(ApplicationFilterChain.java:210)
	at javax.servlet.FilterChain$doFilter.call(Unknown Source)
	at org.grails.plugin.resource.DevModeSanityFilter.doFilter(DevModeSanityFilter.groovy:44)
	at org.apache.catalina.core.ApplicationFilterChain.internalDoFilter(ApplicationFilterChain.java:243)
	at org.apache.catalina.core.ApplicationFilterChain.doFilter(ApplicationFilterChain.java:210)
	at org.codehaus.groovy.grails.web.servlet.mvc.GrailsWebRequestFilter.doFilterInternal(GrailsWebRequestFilter.java:69)
	at org.springframework.web.filter.OncePerRequestFilter.doFilter(OncePerRequestFilter.java:76)
	at org.apache.catalina.core.ApplicationFilterChain.internalDoFilter(ApplicationFilterChain.java:243)
	at org.apache.catalina.core.ApplicationFilterChain.doFilter(ApplicationFilterChain.java:210)
	at org.codehaus.groovy.grails.web.filters.HiddenHttpMethodFilter.doFilterInternal(HiddenHttpMethodFilter.java:66)
	at org.springframework.web.filter.OncePerRequestFilter.doFilter(OncePerRequestFilter.java:76)
	at org.apache.catalina.core.ApplicationFilterChain.internalDoFilter(ApplicationFilterChain.java:243)
	at org.apache.catalina.core.ApplicationFilterChain.doFilter(ApplicationFilterChain.java:210)
	at org.springframework.web.filter.CharacterEncodingFilter.doFilterInternal(CharacterEncodingFilter.java:88)
	at org.springframework.web.filter.OncePerRequestFilter.doFilter(OncePerRequestFilter.java:76)
	at org.springframework.web.filter.DelegatingFilterProxy.invokeDelegate(DelegatingFilterProxy.java:346)
	at org.springframework.web.filter.DelegatingFilterProxy.doFilter(DelegatingFilterProxy.java:259)
	at org.apache.catalina.core.ApplicationFilterChain.internalDoFilter(ApplicationFilterChain.java:243)
	at org.apache.catalina.core.ApplicationFilterChain.doFilter(ApplicationFilterChain.java:210)
	at org.apache.catalina.core.StandardWrapperValve.invoke(StandardWrapperValve.java:222)
	at org.apache.catalina.core.StandardContextValve.invoke(StandardContextValve.java:123)
	at org.apache.catalina.core.StandardHostValve.invoke(StandardHostValve.java:168)
	at org.apache.catalina.valves.ErrorReportValve.invoke(ErrorReportValve.java:99)
	at org.apache.catalina.core.StandardEngineValve.invoke(StandardEngineValve.java:118)
	at org.apache.catalina.connector.CoyoteAdapter.service(CoyoteAdapter.java:407)
	at org.apache.coyote.http11.AbstractHttp11Processor.process(AbstractHttp11Processor.java:1002)
	at org.apache.coyote.AbstractProtocol$AbstractConnectionHandler.process(AbstractProtocol.java:585)
	at org.apache.tomcat.util.net.JIoEndpoint$SocketProcessor.run(JIoEndpoint.java:312)
	at java.util.concurrent.ThreadPoolExecutor$Worker.runTask(Unknown Source)
	at java.util.concurrent.ThreadPoolExecutor$Worker.run(Unknown Source)
	at java.lang.Thread.run(Unknown Source)
2013-05-18 23:53:58,807 [http-bio-8028-exec-3] ERROR StackTrace  - Full Stack Trace:
java.lang.NullPointerException: Cannot invoke method getBytes() on null object
	at cow.HonolController.citysource(HonolController.groovy:14)
	at grails.plugin.cache.web.filter.PageFragmentCachingFilter.doFilter(PageFragmentCachingFilter.java:195)
	at grails.plugin.cache.web.filter.AbstractFilter.doFilter(AbstractFilter.java:63)
2013-05-18 23:53:58,812 [http-bio-8028-exec-3] ERROR StackTrace  - Full Stack Trace:
java.lang.NullPointerException: Cannot invoke method getBytes() on null object
	at cow.HonolController.citysource(HonolController.groovy:14)
	at grails.plugin.cache.web.filter.PageFragmentCachingFilter.doFilter(PageFragmentCachingFilter.java:195)
	at grails.plugin.cache.web.filter.AbstractFilter.doFilter(AbstractFilter.java:63)
2013-05-18 23:53:58,812 [http-bio-8028-exec-3] ERROR StackTrace  - Full Stack Trace:
java.lang.NullPointerException: Cannot invoke method getBytes() on null object
	at cow.HonolController.citysource(HonolController.groovy:14)
	at grails.plugin.cache.web.filter.PageFragmentCachingFilter.doFilter(PageFragmentCachingFilter.java:195)
	at grails.plugin.cache.web.filter.AbstractFilter.doFilter(AbstractFilter.java:63)
2013-05-18 23:53:58,812 [http-bio-8028-exec-3] ERROR StackTrace  - Full Stack Trace:
java.lang.NullPointerException: Cannot invoke method getBytes() on null object
	at cow.HonolController.citysource(HonolController.groovy:14)
	at grails.plugin.cache.web.filter.PageFragmentCachingFilter.doFilter(PageFragmentCachingFilter.java:195)
	at grails.plugin.cache.web.filter.AbstractFilter.doFilter(AbstractFilter.java:63)
2013-05-18 23:53:58,812 [http-bio-8028-exec-3] ERROR StackTrace  - Full Stack Trace:
java.lang.NullPointerException: Cannot invoke method getBytes() on null object
	at cow.HonolController.citysource(HonolController.groovy:14)
	at grails.plugin.cache.web.filter.PageFragmentCachingFilter.doFilter(PageFragmentCachingFilter.java:195)
	at grails.plugin.cache.web.filter.AbstractFilter.doFilter(AbstractFilter.java:63)
2013-06-20 11:19:16,768 [main] ERROR StackTrace  - Full Stack Trace:
org.codehaus.groovy.grails.exceptions.GrailsConfigurationException: Cannot add Domain class [class cow.LinkedVisHierData]. It is not a Domain!
	at org.codehaus.groovy.grails.commons.DefaultGrailsApplication.addArtefact(DefaultGrailsApplication.java:831)
	at org.codehaus.groovy.grails.commons.DefaultGrailsApplication.addArtefact(DefaultGrailsApplication.java:535)
	at grails.test.mixin.domain.DomainClassUnitTestMixin.registerGrailsDomainClass(DomainClassUnitTestMixin.groovy:204)
	at grails.test.mixin.domain.DomainClassUnitTestMixin.mockDomain(DomainClassUnitTestMixin.groovy:145)
	at grails.test.mixin.domain.DomainClassUnitTestMixin.mockDomain(DomainClassUnitTestMixin.groovy:142)
	at org.spockframework.util.ReflectionUtil.invokeMethod(ReflectionUtil.java:138)
	at org.spockframework.runtime.extension.builtin.JUnitFixtureMethodsExtension$FixtureType$FixtureMethodInterceptor.intercept(JUnitFixtureMethodsExtension.java:145)
	at org.spockframework.runtime.extension.MethodInvocation.proceed(MethodInvocation.java:84)
	at org.spockframework.util.ReflectionUtil.invokeMethod(ReflectionUtil.java:138)
	at org.spockframework.util.ReflectionUtil.invokeMethod(ReflectionUtil.java:138)
	at org.spockframework.util.ReflectionUtil.invokeMethod(ReflectionUtil.java:138)
	at org.junit.runners.Suite.runChild(Suite.java:128)
	at org.junit.runners.Suite.runChild(Suite.java:24)
	at org.junit.runners.ParentRunner$3.run(ParentRunner.java:231)
	at org.junit.runners.ParentRunner$1.schedule(ParentRunner.java:60)
	at org.junit.runners.ParentRunner.runChildren(ParentRunner.java:229)
	at org.junit.runners.ParentRunner.access$000(ParentRunner.java:50)
	at org.junit.runners.ParentRunner$2.evaluate(ParentRunner.java:222)
	at org.junit.runners.ParentRunner.run(ParentRunner.java:300)
	at org.junit.runner.JUnitCore.run(JUnitCore.java:157)
	at org.junit.runner.JUnitCore.run(JUnitCore.java:136)
	at org.junit.runner.JUnitCore.run(JUnitCore.java:117)
	at grails.plugin.spock.test.GrailsSpecTestType.doRun(GrailsSpecTestType.groovy:73)
	at org.codehaus.groovy.grails.test.support.GrailsTestTypeSupport.run(GrailsTestTypeSupport.groovy:118)
	at _GrailsTest_groovy.run_closure4(_GrailsTest_groovy:290)
	at groovy.lang.GroovyObjectSupport.invokeMethod(GroovyObjectSupport.java:44)
	at groovy.lang.Script.invokeMethod(Script.java:78)
	at _GrailsTest_groovy.run_closure2(_GrailsTest_groovy:248)
	at groovy.lang.Closure.call(Closure.java:412)
	at groovy.lang.Closure.call(Closure.java:425)
	at _GrailsTest_groovy.run_closure1_closure21(_GrailsTest_groovy:195)
	at groovy.lang.Closure.call(Closure.java:412)
	at _GrailsTest_groovy.run_closure1(_GrailsTest_groovy:184)
	at org.codehaus.gant.GantMetaClass.invokeMethod(GantMetaClass.java:133)
	at org.codehaus.gant.GantBinding.initializeGantBinding_closure5_closure16_closure18(GantBinding.groovy:185)
	at org.codehaus.gant.GantBinding.initializeGantBinding_closure5_closure16_closure18(GantBinding.groovy)
	at org.codehaus.gant.GantBinding.withTargetEvent(GantBinding.groovy:90)
	at groovy.lang.GroovyObjectSupport.invokeMethod(GroovyObjectSupport.java:44)
	at org.codehaus.gant.GantBinding.initializeGantBinding_closure5_closure16(GantBinding.groovy:185)
	at org.codehaus.gant.GantBinding.initializeGantBinding_closure5_closure16(GantBinding.groovy)
	at groovy.lang.GroovyObjectSupport.invokeMethod(GroovyObjectSupport.java:44)
	at groovy.lang.Script.invokeMethod(Script.java:78)
	at org.codehaus.gant.GantMetaClass.invokeMethod(GantMetaClass.java:133)
	at TestApp.run_closure1(TestApp.groovy:82)
	at org.codehaus.gant.GantMetaClass.invokeMethod(GantMetaClass.java:133)
	at org.codehaus.gant.GantBinding.initializeGantBinding_closure5_closure16_closure18(GantBinding.groovy:185)
	at org.codehaus.gant.GantBinding.initializeGantBinding_closure5_closure16_closure18(GantBinding.groovy)
	at org.codehaus.gant.GantBinding.withTargetEvent(GantBinding.groovy:90)
	at groovy.lang.GroovyObjectSupport.invokeMethod(GroovyObjectSupport.java:44)
	at org.codehaus.gant.GantBinding.initializeGantBinding_closure5_closure16(GantBinding.groovy:185)
	at org.codehaus.gant.GantBinding.initializeGantBinding_closure5_closure16(GantBinding.groovy)
	at gant.Gant.dispatch_closure5(Gant.groovy:381)
	at gant.Gant.dispatch_closure7(Gant.groovy:415)
	at gant.Gant.dispatch_closure7(Gant.groovy)
	at gant.Gant.withBuildListeners(Gant.groovy:427)
	at gant.Gant.dispatch(Gant.groovy:415)
	at gant.Gant.executeTargets(Gant.groovy:591)
	at gant.Gant.executeTargets(Gant.groovy:590)
	at org.codehaus.groovy.grails.cli.GrailsScriptRunner.executeWithGantInstance(GrailsScriptRunner.java:768)
	at org.codehaus.groovy.grails.cli.GrailsScriptRunner.executeScriptFile(GrailsScriptRunner.java:566)
	at org.codehaus.groovy.grails.cli.GrailsScriptRunner.executeScriptWithCaching(GrailsScriptRunner.java:465)
	at org.codehaus.groovy.grails.cli.GrailsScriptRunner.callPluginOrGrailsScript(GrailsScriptRunner.java:409)
	at org.codehaus.groovy.grails.cli.GrailsScriptRunner.executeCommand(GrailsScriptRunner.java:373)
	at org.codehaus.groovy.grails.cli.GrailsScriptRunner.main(GrailsScriptRunner.java:232)
	at org.codehaus.groovy.grails.cli.support.GrailsStarter.rootLoader(GrailsStarter.java:234)
	at org.codehaus.groovy.grails.cli.support.GrailsStarter.main(GrailsStarter.java:262)
2013-06-20 11:19:16,780 [main] ERROR StackTrace  - Full Stack Trace:
org.codehaus.groovy.grails.exceptions.GrailsConfigurationException: Cannot add Domain class [class cow.LinkedVisHierData]. It is not a Domain!
	at grails.test.mixin.domain.DomainClassUnitTestMixin.registerGrailsDomainClass(DomainClassUnitTestMixin.groovy:204)
	at grails.test.mixin.domain.DomainClassUnitTestMixin.mockDomain(DomainClassUnitTestMixin.groovy:145)
	at grails.test.mixin.domain.DomainClassUnitTestMixin.mockDomain(DomainClassUnitTestMixin.groovy:142)
	at org.spockframework.util.ReflectionUtil.invokeMethod(ReflectionUtil.java:138)
	at org.spockframework.runtime.extension.builtin.JUnitFixtureMethodsExtension$FixtureType$FixtureMethodInterceptor.intercept(JUnitFixtureMethodsExtension.java:145)
	at org.spockframework.runtime.extension.MethodInvocation.proceed(MethodInvocation.java:84)
	at org.spockframework.util.ReflectionUtil.invokeMethod(ReflectionUtil.java:138)
	at org.spockframework.util.ReflectionUtil.invokeMethod(ReflectionUtil.java:138)
	at org.spockframework.util.ReflectionUtil.invokeMethod(ReflectionUtil.java:138)
2013-06-20 11:19:16,785 [main] ERROR StackTrace  - Full Stack Trace:
org.codehaus.groovy.grails.exceptions.GrailsConfigurationException: Cannot add Domain class [class cow.LinkedVisHierData]. It is not a Domain!
	at grails.test.mixin.domain.DomainClassUnitTestMixin.registerGrailsDomainClass(DomainClassUnitTestMixin.groovy:204)
	at grails.test.mixin.domain.DomainClassUnitTestMixin.mockDomain(DomainClassUnitTestMixin.groovy:145)
	at grails.test.mixin.domain.DomainClassUnitTestMixin.mockDomain(DomainClassUnitTestMixin.groovy:142)
	at org.spockframework.util.ReflectionUtil.invokeMethod(ReflectionUtil.java:138)
	at org.spockframework.runtime.extension.builtin.JUnitFixtureMethodsExtension$FixtureType$FixtureMethodInterceptor.intercept(JUnitFixtureMethodsExtension.java:145)
	at org.spockframework.runtime.extension.MethodInvocation.proceed(MethodInvocation.java:84)
	at org.spockframework.util.ReflectionUtil.invokeMethod(ReflectionUtil.java:138)
	at org.spockframework.util.ReflectionUtil.invokeMethod(ReflectionUtil.java:138)
	at org.spockframework.util.ReflectionUtil.invokeMethod(ReflectionUtil.java:138)
2013-06-20 11:19:16,785 [main] ERROR StackTrace  - Full Stack Trace:
org.codehaus.groovy.grails.exceptions.GrailsConfigurationException: Cannot add Domain class [class cow.LinkedVisHierData]. It is not a Domain!
	at grails.test.mixin.domain.DomainClassUnitTestMixin.registerGrailsDomainClass(DomainClassUnitTestMixin.groovy:204)
	at grails.test.mixin.domain.DomainClassUnitTestMixin.mockDomain(DomainClassUnitTestMixin.groovy:145)
	at grails.test.mixin.domain.DomainClassUnitTestMixin.mockDomain(DomainClassUnitTestMixin.groovy:142)
	at org.spockframework.util.ReflectionUtil.invokeMethod(ReflectionUtil.java:138)
	at org.spockframework.runtime.extension.builtin.JUnitFixtureMethodsExtension$FixtureType$FixtureMethodInterceptor.intercept(JUnitFixtureMethodsExtension.java:145)
	at org.spockframework.runtime.extension.MethodInvocation.proceed(MethodInvocation.java:84)
	at org.spockframework.util.ReflectionUtil.invokeMethod(ReflectionUtil.java:138)
	at org.spockframework.util.ReflectionUtil.invokeMethod(ReflectionUtil.java:138)
	at org.spockframework.util.ReflectionUtil.invokeMethod(ReflectionUtil.java:138)
2013-06-20 11:19:16,795 [main] ERROR StackTrace  - Full Stack Trace:
org.codehaus.groovy.grails.exceptions.GrailsConfigurationException: Cannot add Domain class [class cow.LinkedVisHierData]. It is not a Domain!
	at grails.test.mixin.domain.DomainClassUnitTestMixin.registerGrailsDomainClass(DomainClassUnitTestMixin.groovy:204)
	at grails.test.mixin.domain.DomainClassUnitTestMixin.mockDomain(DomainClassUnitTestMixin.groovy:145)
	at grails.test.mixin.domain.DomainClassUnitTestMixin.mockDomain(DomainClassUnitTestMixin.groovy:142)
	at org.spockframework.util.ReflectionUtil.invokeMethod(ReflectionUtil.java:138)
	at org.spockframework.runtime.extension.builtin.JUnitFixtureMethodsExtension$FixtureType$FixtureMethodInterceptor.intercept(JUnitFixtureMethodsExtension.java:145)
	at org.spockframework.runtime.extension.MethodInvocation.proceed(MethodInvocation.java:84)
	at org.spockframework.util.ReflectionUtil.invokeMethod(ReflectionUtil.java:138)
	at org.spockframework.util.ReflectionUtil.invokeMethod(ReflectionUtil.java:138)
	at org.spockframework.util.ReflectionUtil.invokeMethod(ReflectionUtil.java:138)
2013-06-20 11:19:16,795 [main] ERROR StackTrace  - Full Stack Trace:
org.codehaus.groovy.grails.exceptions.GrailsConfigurationException: Cannot add Domain class [class cow.LinkedVisHierData]. It is not a Domain!
	at grails.test.mixin.domain.DomainClassUnitTestMixin.registerGrailsDomainClass(DomainClassUnitTestMixin.groovy:204)
	at grails.test.mixin.domain.DomainClassUnitTestMixin.mockDomain(DomainClassUnitTestMixin.groovy:145)
	at grails.test.mixin.domain.DomainClassUnitTestMixin.mockDomain(DomainClassUnitTestMixin.groovy:142)
	at org.spockframework.util.ReflectionUtil.invokeMethod(ReflectionUtil.java:138)
	at org.spockframework.runtime.extension.builtin.JUnitFixtureMethodsExtension$FixtureType$FixtureMethodInterceptor.intercept(JUnitFixtureMethodsExtension.java:145)
	at org.spockframework.runtime.extension.MethodInvocation.proceed(MethodInvocation.java:84)
	at org.spockframework.util.ReflectionUtil.invokeMethod(ReflectionUtil.java:138)
	at org.spockframework.util.ReflectionUtil.invokeMethod(ReflectionUtil.java:138)
	at org.spockframework.util.ReflectionUtil.invokeMethod(ReflectionUtil.java:138)
2013-06-20 11:23:48,007 [main] ERROR StackTrace  - Full Stack Trace:
Condition not satisfied:

i == 2
| |
1 false

	at cow.LinkedVisHierDataUnitSpec.bloog(LinkedVisHierDataUnitSpec.groovy:25)
2013-06-20 11:23:48,011 [main] ERROR StackTrace  - Full Stack Trace:
Condition not satisfied:

i == 2
| |
1 false

	at cow.LinkedVisHierDataUnitSpec.bloog(LinkedVisHierDataUnitSpec.groovy:25)
2013-06-20 11:23:48,027 [main] ERROR StackTrace  - Full Stack Trace:
junit.framework.AssertionFailedError: Condition not satisfied:

i == 2
| |
1 false

	at cow.LinkedVisHierDataUnitSpec.bloog(LinkedVisHierDataUnitSpec.groovy:25)
2013-06-20 11:23:48,027 [main] ERROR StackTrace  - Full Stack Trace:
junit.framework.AssertionFailedError: Condition not satisfied:

i == 2
| |
1 false

	at cow.LinkedVisHierDataUnitSpec.bloog(LinkedVisHierDataUnitSpec.groovy:25)
2013-06-20 11:23:48,033 [main] ERROR StackTrace  - Full Stack Trace:
junit.framework.AssertionFailedError: Condition not satisfied:

i == 2
| |
1 false

	at cow.LinkedVisHierDataUnitSpec.bloog(LinkedVisHierDataUnitSpec.groovy:25)
2013-06-20 11:23:48,033 [main] ERROR StackTrace  - Full Stack Trace:
junit.framework.AssertionFailedError: Condition not satisfied:

i == 2
| |
1 false

	at cow.LinkedVisHierDataUnitSpec.bloog(LinkedVisHierDataUnitSpec.groovy:25)
2013-06-20 11:26:13,313 [main] ERROR StackTrace  - Full Stack Trace:
Condition not satisfied:

(linkedVisHierData.writeCategorySection ()  == "Categoy" )
 |                 |                        |
 |                 Category                 false
 cow.LinkedVisHierData@7eaadc2d             1 difference (87% similarity)
                                            Catego(r)y
                                            Catego(-)y

	at cow.LinkedVisHierDataUnitSpec.bloog(LinkedVisHierDataUnitSpec.groovy:27)
2013-06-20 11:26:13,321 [main] ERROR StackTrace  - Full Stack Trace:
Condition not satisfied:

(linkedVisHierData.writeCategorySection ()  == "Categoy" )
 |                 |                        |
 |                 Category                 false
 cow.LinkedVisHierData@7eaadc2d             1 difference (87% similarity)
                                            Catego(r)y
                                            Catego(-)y

	at cow.LinkedVisHierDataUnitSpec.bloog(LinkedVisHierDataUnitSpec.groovy:27)
2013-06-20 11:26:13,341 [main] ERROR StackTrace  - Full Stack Trace:
junit.framework.AssertionFailedError: Condition not satisfied:

(linkedVisHierData.writeCategorySection ()  == "Categoy" )
 |                 |                        |
 |                 Category                 false
 cow.LinkedVisHierData@7eaadc2d             1 difference (87% similarity)
                                            Catego(r)y
                                            Catego(-)y

	at cow.LinkedVisHierDataUnitSpec.bloog(LinkedVisHierDataUnitSpec.groovy:27)
2013-06-20 11:26:13,341 [main] ERROR StackTrace  - Full Stack Trace:
junit.framework.AssertionFailedError: Condition not satisfied:

(linkedVisHierData.writeCategorySection ()  == "Categoy" )
 |                 |                        |
 |                 Category                 false
 cow.LinkedVisHierData@7eaadc2d             1 difference (87% similarity)
                                            Catego(r)y
                                            Catego(-)y

	at cow.LinkedVisHierDataUnitSpec.bloog(LinkedVisHierDataUnitSpec.groovy:27)
2013-06-20 11:26:13,350 [main] ERROR StackTrace  - Full Stack Trace:
junit.framework.AssertionFailedError: Condition not satisfied:

(linkedVisHierData.writeCategorySection ()  == "Categoy" )
 |                 |                        |
 |                 Category                 false
 cow.LinkedVisHierData@7eaadc2d             1 difference (87% similarity)
                                            Catego(r)y
                                            Catego(-)y

	at cow.LinkedVisHierDataUnitSpec.bloog(LinkedVisHierDataUnitSpec.groovy:27)
2013-06-20 11:26:13,350 [main] ERROR StackTrace  - Full Stack Trace:
junit.framework.AssertionFailedError: Condition not satisfied:

(linkedVisHierData.writeCategorySection ()  == "Categoy" )
 |                 |                        |
 |                 Category                 false
 cow.LinkedVisHierData@7eaadc2d             1 difference (87% similarity)
                                            Catego(r)y
                                            Catego(-)y

	at cow.LinkedVisHierDataUnitSpec.bloog(LinkedVisHierDataUnitSpec.groovy:27)
2013-06-20 13:27:40,899 [main] ERROR StackTrace  - Full Stack Trace:
org.codehaus.groovy.grails.web.converters.exceptions.ConverterException: Error parsing JSON
	at grails.converters.JSON.parse(JSON.java:290)
	at cow.LinkedVisHierDataUnitSpec.bloog(LinkedVisHierDataUnitSpec.groovy:30)
Caused by: org.codehaus.groovy.grails.web.json.JSONException: Expected a ',' or '}' at character 26 of [
{     CatIdx : 0
      CatName : Biological process
      CatDescr : GO Biological process
      CatIdent : GO_biological_process_term
},
{     CatIdx : 1
      CatName : Assay format
      CatDescr : Bard assay format
      CatIdent : assay_format
},
{     CatIdx : 2
      CatName : Protein target
      CatDescr : Panther protein target
      CatIdent : assay_type
},
{     CatIdx : 3
      CatName : Assay type
      CatDescr : Bard assay format
      CatIdent : protein_target
}[
	at org.codehaus.groovy.grails.web.json.JSONTokener.syntaxError(JSONTokener.java:470)
	at org.codehaus.groovy.grails.web.json.JSONObject.<init>(JSONObject.java:236)
	at org.codehaus.groovy.grails.web.json.JSONTokener.nextValue(JSONTokener.java:328)
	at org.codehaus.groovy.grails.web.json.JSONArray.<init>(JSONArray.java:121)
	at org.codehaus.groovy.grails.web.json.JSONTokener.nextValue(JSONTokener.java:331)
	at grails.converters.JSON.parse(JSON.java:281)
	... 1 more
2013-06-20 13:27:40,902 [main] ERROR StackTrace  - Full Stack Trace:
org.codehaus.groovy.grails.web.json.JSONException: Expected a ',' or '}' at character 26 of [
{     CatIdx : 0
      CatName : Biological process
      CatDescr : GO Biological process
      CatIdent : GO_biological_process_term
},
{     CatIdx : 1
      CatName : Assay format
      CatDescr : Bard assay format
      CatIdent : assay_format
},
{     CatIdx : 2
      CatName : Protein target
      CatDescr : Panther protein target
      CatIdent : assay_type
},
{     CatIdx : 3
      CatName : Assay type
      CatDescr : Bard assay format
      CatIdent : protein_target
}[
	at org.codehaus.groovy.grails.web.json.JSONTokener.syntaxError(JSONTokener.java:470)
	at org.codehaus.groovy.grails.web.json.JSONObject.<init>(JSONObject.java:236)
	at org.codehaus.groovy.grails.web.json.JSONTokener.nextValue(JSONTokener.java:328)
	at org.codehaus.groovy.grails.web.json.JSONArray.<init>(JSONArray.java:121)
	at org.codehaus.groovy.grails.web.json.JSONTokener.nextValue(JSONTokener.java:331)
	at grails.converters.JSON.parse(JSON.java:281)
	at cow.LinkedVisHierDataUnitSpec.bloog(LinkedVisHierDataUnitSpec.groovy:30)
2013-06-20 13:27:40,902 [main] ERROR StackTrace  - Full Stack Trace:
org.codehaus.groovy.grails.web.converters.exceptions.ConverterException: Error parsing JSON
	at grails.converters.JSON.parse(JSON.java:290)
	at cow.LinkedVisHierDataUnitSpec.bloog(LinkedVisHierDataUnitSpec.groovy:30)
Caused by: org.codehaus.groovy.grails.web.json.JSONException: Expected a ',' or '}' at character 26 of [
{     CatIdx : 0
      CatName : Biological process
      CatDescr : GO Biological process
      CatIdent : GO_biological_process_term
},
{     CatIdx : 1
      CatName : Assay format
      CatDescr : Bard assay format
      CatIdent : assay_format
},
{     CatIdx : 2
      CatName : Protein target
      CatDescr : Panther protein target
      CatIdent : assay_type
},
{     CatIdx : 3
      CatName : Assay type
      CatDescr : Bard assay format
      CatIdent : protein_target
}[
	at grails.converters.JSON.parse(JSON.java:281)
	... 1 more
2013-06-20 13:27:40,906 [main] ERROR StackTrace  - Full Stack Trace:
org.codehaus.groovy.grails.web.converters.exceptions.ConverterException: Error parsing JSON
	at grails.converters.JSON.parse(JSON.java:290)
	at cow.LinkedVisHierDataUnitSpec.bloog(LinkedVisHierDataUnitSpec.groovy:30)
Caused by: org.codehaus.groovy.grails.web.json.JSONException: Expected a ',' or '}' at character 26 of [
{     CatIdx : 0
      CatName : Biological process
      CatDescr : GO Biological process
      CatIdent : GO_biological_process_term
},
{     CatIdx : 1
      CatName : Assay format
      CatDescr : Bard assay format
      CatIdent : assay_format
},
{     CatIdx : 2
      CatName : Protein target
      CatDescr : Panther protein target
      CatIdent : assay_type
},
{     CatIdx : 3
      CatName : Assay type
      CatDescr : Bard assay format
      CatIdent : protein_target
}[
	at grails.converters.JSON.parse(JSON.java:281)
	... 1 more
2013-06-20 13:27:40,906 [main] ERROR StackTrace  - Full Stack Trace:
org.codehaus.groovy.grails.web.json.JSONException: Expected a ',' or '}' at character 26 of [
{     CatIdx : 0
      CatName : Biological process
      CatDescr : GO Biological process
      CatIdent : GO_biological_process_term
},
{     CatIdx : 1
      CatName : Assay format
      CatDescr : Bard assay format
      CatIdent : assay_format
},
{     CatIdx : 2
      CatName : Protein target
      CatDescr : Panther protein target
      CatIdent : assay_type
},
{     CatIdx : 3
      CatName : Assay type
      CatDescr : Bard assay format
      CatIdent : protein_target
}[
	at grails.converters.JSON.parse(JSON.java:281)
	at cow.LinkedVisHierDataUnitSpec.bloog(LinkedVisHierDataUnitSpec.groovy:30)
2013-06-20 13:27:40,906 [main] ERROR StackTrace  - Full Stack Trace:
org.codehaus.groovy.grails.web.converters.exceptions.ConverterException: Error parsing JSON
	at grails.converters.JSON.parse(JSON.java:290)
	at cow.LinkedVisHierDataUnitSpec.bloog(LinkedVisHierDataUnitSpec.groovy:30)
Caused by: org.codehaus.groovy.grails.web.json.JSONException: Expected a ',' or '}' at character 26 of [
{     CatIdx : 0
      CatName : Biological process
      CatDescr : GO Biological process
      CatIdent : GO_biological_process_term
},
{     CatIdx : 1
      CatName : Assay format
      CatDescr : Bard assay format
      CatIdent : assay_format
},
{     CatIdx : 2
      CatName : Protein target
      CatDescr : Panther protein target
      CatIdent : assay_type
},
{     CatIdx : 3
      CatName : Assay type
      CatDescr : Bard assay format
      CatIdent : protein_target
}[
	at grails.converters.JSON.parse(JSON.java:281)
	... 1 more
2013-06-20 13:27:40,914 [main] ERROR StackTrace  - Full Stack Trace:
org.codehaus.groovy.grails.web.converters.exceptions.ConverterException: Error parsing JSON
	at grails.converters.JSON.parse(JSON.java:290)
	at cow.LinkedVisHierDataUnitSpec.bloog(LinkedVisHierDataUnitSpec.groovy:30)
Caused by: org.codehaus.groovy.grails.web.json.JSONException: Expected a ',' or '}' at character 26 of [
{     CatIdx : 0
      CatName : Biological process
      CatDescr : GO Biological process
      CatIdent : GO_biological_process_term
},
{     CatIdx : 1
      CatName : Assay format
      CatDescr : Bard assay format
      CatIdent : assay_format
},
{     CatIdx : 2
      CatName : Protein target
      CatDescr : Panther protein target
      CatIdent : assay_type
},
{     CatIdx : 3
      CatName : Assay type
      CatDescr : Bard assay format
      CatIdent : protein_target
}[
	at grails.converters.JSON.parse(JSON.java:281)
	... 1 more
2013-06-20 13:27:40,915 [main] ERROR StackTrace  - Full Stack Trace:
org.codehaus.groovy.grails.web.json.JSONException: Expected a ',' or '}' at character 26 of [
{     CatIdx : 0
      CatName : Biological process
      CatDescr : GO Biological process
      CatIdent : GO_biological_process_term
},
{     CatIdx : 1
      CatName : Assay format
      CatDescr : Bard assay format
      CatIdent : assay_format
},
{     CatIdx : 2
      CatName : Protein target
      CatDescr : Panther protein target
      CatIdent : assay_type
},
{     CatIdx : 3
      CatName : Assay type
      CatDescr : Bard assay format
      CatIdent : protein_target
}[
	at grails.converters.JSON.parse(JSON.java:281)
	at cow.LinkedVisHierDataUnitSpec.bloog(LinkedVisHierDataUnitSpec.groovy:30)
2013-06-20 13:27:40,915 [main] ERROR StackTrace  - Full Stack Trace:
org.codehaus.groovy.grails.web.converters.exceptions.ConverterException: Error parsing JSON
	at grails.converters.JSON.parse(JSON.java:290)
	at cow.LinkedVisHierDataUnitSpec.bloog(LinkedVisHierDataUnitSpec.groovy:30)
Caused by: org.codehaus.groovy.grails.web.json.JSONException: Expected a ',' or '}' at character 26 of [
{     CatIdx : 0
      CatName : Biological process
      CatDescr : GO Biological process
      CatIdent : GO_biological_process_term
},
{     CatIdx : 1
      CatName : Assay format
      CatDescr : Bard assay format
      CatIdent : assay_format
},
{     CatIdx : 2
      CatName : Protein target
      CatDescr : Panther protein target
      CatIdent : assay_type
},
{     CatIdx : 3
      CatName : Assay type
      CatDescr : Bard assay format
      CatIdent : protein_target
}[
	at grails.converters.JSON.parse(JSON.java:281)
	... 1 more
2013-06-20 13:35:55,216 [main] ERROR StackTrace  - Full Stack Trace:
org.codehaus.groovy.grails.web.converters.exceptions.ConverterException: Error parsing JSON
	at grails.converters.JSON.parse(JSON.java:290)
	at cow.LinkedVisHierDataUnitSpec.bloog(LinkedVisHierDataUnitSpec.groovy:30)
Caused by: org.codehaus.groovy.grails.web.json.JSONException: Expected a ',' or '}' at character 42 of [
{     "CatIdx" : "categoryIndex"
      "CatName" : "categoryName"
      "CatDescr" : "categoryDescription"
      "CatIdent" : "categoryIdentifier"
},
{     "CatIdx" : "categoryIndex"
      "CatName" : "categoryName"
      "CatDescr" : "categoryDescription"
      "CatIdent" : "categoryIdentifier"
},
{     "CatIdx" : "categoryIndex"
      "CatName" : "categoryName"
      "CatDescr" : "categoryDescription"
      "CatIdent" : "categoryIdentifier"
},
{     "CatIdx" : "categoryIndex"
      "CatName" : "categoryName"
      "CatDescr" : "categoryDescription"
      "CatIdent" : "categoryIdentifier"
}[
	at org.codehaus.groovy.grails.web.json.JSONTokener.syntaxError(JSONTokener.java:470)
	at org.codehaus.groovy.grails.web.json.JSONObject.<init>(JSONObject.java:236)
	at org.codehaus.groovy.grails.web.json.JSONTokener.nextValue(JSONTokener.java:328)
	at org.codehaus.groovy.grails.web.json.JSONArray.<init>(JSONArray.java:121)
	at org.codehaus.groovy.grails.web.json.JSONTokener.nextValue(JSONTokener.java:331)
	at grails.converters.JSON.parse(JSON.java:281)
	... 1 more
2013-06-20 13:35:55,218 [main] ERROR StackTrace  - Full Stack Trace:
org.codehaus.groovy.grails.web.json.JSONException: Expected a ',' or '}' at character 42 of [
{     "CatIdx" : "categoryIndex"
      "CatName" : "categoryName"
      "CatDescr" : "categoryDescription"
      "CatIdent" : "categoryIdentifier"
},
{     "CatIdx" : "categoryIndex"
      "CatName" : "categoryName"
      "CatDescr" : "categoryDescription"
      "CatIdent" : "categoryIdentifier"
},
{     "CatIdx" : "categoryIndex"
      "CatName" : "categoryName"
      "CatDescr" : "categoryDescription"
      "CatIdent" : "categoryIdentifier"
},
{     "CatIdx" : "categoryIndex"
      "CatName" : "categoryName"
      "CatDescr" : "categoryDescription"
      "CatIdent" : "categoryIdentifier"
}[
	at org.codehaus.groovy.grails.web.json.JSONTokener.syntaxError(JSONTokener.java:470)
	at org.codehaus.groovy.grails.web.json.JSONObject.<init>(JSONObject.java:236)
	at org.codehaus.groovy.grails.web.json.JSONTokener.nextValue(JSONTokener.java:328)
	at org.codehaus.groovy.grails.web.json.JSONArray.<init>(JSONArray.java:121)
	at org.codehaus.groovy.grails.web.json.JSONTokener.nextValue(JSONTokener.java:331)
	at grails.converters.JSON.parse(JSON.java:281)
	at cow.LinkedVisHierDataUnitSpec.bloog(LinkedVisHierDataUnitSpec.groovy:30)
2013-06-20 13:35:55,218 [main] ERROR StackTrace  - Full Stack Trace:
org.codehaus.groovy.grails.web.converters.exceptions.ConverterException: Error parsing JSON
	at grails.converters.JSON.parse(JSON.java:290)
	at cow.LinkedVisHierDataUnitSpec.bloog(LinkedVisHierDataUnitSpec.groovy:30)
Caused by: org.codehaus.groovy.grails.web.json.JSONException: Expected a ',' or '}' at character 42 of [
{     "CatIdx" : "categoryIndex"
      "CatName" : "categoryName"
      "CatDescr" : "categoryDescription"
      "CatIdent" : "categoryIdentifier"
},
{     "CatIdx" : "categoryIndex"
      "CatName" : "categoryName"
      "CatDescr" : "categoryDescription"
      "CatIdent" : "categoryIdentifier"
},
{     "CatIdx" : "categoryIndex"
      "CatName" : "categoryName"
      "CatDescr" : "categoryDescription"
      "CatIdent" : "categoryIdentifier"
},
{     "CatIdx" : "categoryIndex"
      "CatName" : "categoryName"
      "CatDescr" : "categoryDescription"
      "CatIdent" : "categoryIdentifier"
}[
	at grails.converters.JSON.parse(JSON.java:281)
	... 1 more
2013-06-20 13:35:55,221 [main] ERROR StackTrace  - Full Stack Trace:
org.codehaus.groovy.grails.web.converters.exceptions.ConverterException: Error parsing JSON
	at grails.converters.JSON.parse(JSON.java:290)
	at cow.LinkedVisHierDataUnitSpec.bloog(LinkedVisHierDataUnitSpec.groovy:30)
Caused by: org.codehaus.groovy.grails.web.json.JSONException: Expected a ',' or '}' at character 42 of [
{     "CatIdx" : "categoryIndex"
      "CatName" : "categoryName"
      "CatDescr" : "categoryDescription"
      "CatIdent" : "categoryIdentifier"
},
{     "CatIdx" : "categoryIndex"
      "CatName" : "categoryName"
      "CatDescr" : "categoryDescription"
      "CatIdent" : "categoryIdentifier"
},
{     "CatIdx" : "categoryIndex"
      "CatName" : "categoryName"
      "CatDescr" : "categoryDescription"
      "CatIdent" : "categoryIdentifier"
},
{     "CatIdx" : "categoryIndex"
      "CatName" : "categoryName"
      "CatDescr" : "categoryDescription"
      "CatIdent" : "categoryIdentifier"
}[
	at grails.converters.JSON.parse(JSON.java:281)
	... 1 more
2013-06-20 13:35:55,221 [main] ERROR StackTrace  - Full Stack Trace:
org.codehaus.groovy.grails.web.json.JSONException: Expected a ',' or '}' at character 42 of [
{     "CatIdx" : "categoryIndex"
      "CatName" : "categoryName"
      "CatDescr" : "categoryDescription"
      "CatIdent" : "categoryIdentifier"
},
{     "CatIdx" : "categoryIndex"
      "CatName" : "categoryName"
      "CatDescr" : "categoryDescription"
      "CatIdent" : "categoryIdentifier"
},
{     "CatIdx" : "categoryIndex"
      "CatName" : "categoryName"
      "CatDescr" : "categoryDescription"
      "CatIdent" : "categoryIdentifier"
},
{     "CatIdx" : "categoryIndex"
      "CatName" : "categoryName"
      "CatDescr" : "categoryDescription"
      "CatIdent" : "categoryIdentifier"
}[
	at grails.converters.JSON.parse(JSON.java:281)
	at cow.LinkedVisHierDataUnitSpec.bloog(LinkedVisHierDataUnitSpec.groovy:30)
2013-06-20 13:35:55,222 [main] ERROR StackTrace  - Full Stack Trace:
org.codehaus.groovy.grails.web.converters.exceptions.ConverterException: Error parsing JSON
	at grails.converters.JSON.parse(JSON.java:290)
	at cow.LinkedVisHierDataUnitSpec.bloog(LinkedVisHierDataUnitSpec.groovy:30)
Caused by: org.codehaus.groovy.grails.web.json.JSONException: Expected a ',' or '}' at character 42 of [
{     "CatIdx" : "categoryIndex"
      "CatName" : "categoryName"
      "CatDescr" : "categoryDescription"
      "CatIdent" : "categoryIdentifier"
},
{     "CatIdx" : "categoryIndex"
      "CatName" : "categoryName"
      "CatDescr" : "categoryDescription"
      "CatIdent" : "categoryIdentifier"
},
{     "CatIdx" : "categoryIndex"
      "CatName" : "categoryName"
      "CatDescr" : "categoryDescription"
      "CatIdent" : "categoryIdentifier"
},
{     "CatIdx" : "categoryIndex"
      "CatName" : "categoryName"
      "CatDescr" : "categoryDescription"
      "CatIdent" : "categoryIdentifier"
}[
	at grails.converters.JSON.parse(JSON.java:281)
	... 1 more
2013-06-20 13:35:55,229 [main] ERROR StackTrace  - Full Stack Trace:
org.codehaus.groovy.grails.web.converters.exceptions.ConverterException: Error parsing JSON
	at grails.converters.JSON.parse(JSON.java:290)
	at cow.LinkedVisHierDataUnitSpec.bloog(LinkedVisHierDataUnitSpec.groovy:30)
Caused by: org.codehaus.groovy.grails.web.json.JSONException: Expected a ',' or '}' at character 42 of [
{     "CatIdx" : "categoryIndex"
      "CatName" : "categoryName"
      "CatDescr" : "categoryDescription"
      "CatIdent" : "categoryIdentifier"
},
{     "CatIdx" : "categoryIndex"
      "CatName" : "categoryName"
      "CatDescr" : "categoryDescription"
      "CatIdent" : "categoryIdentifier"
},
{     "CatIdx" : "categoryIndex"
      "CatName" : "categoryName"
      "CatDescr" : "categoryDescription"
      "CatIdent" : "categoryIdentifier"
},
{     "CatIdx" : "categoryIndex"
      "CatName" : "categoryName"
      "CatDescr" : "categoryDescription"
      "CatIdent" : "categoryIdentifier"
}[
	at grails.converters.JSON.parse(JSON.java:281)
	... 1 more
2013-06-20 13:35:55,230 [main] ERROR StackTrace  - Full Stack Trace:
org.codehaus.groovy.grails.web.json.JSONException: Expected a ',' or '}' at character 42 of [
{     "CatIdx" : "categoryIndex"
      "CatName" : "categoryName"
      "CatDescr" : "categoryDescription"
      "CatIdent" : "categoryIdentifier"
},
{     "CatIdx" : "categoryIndex"
      "CatName" : "categoryName"
      "CatDescr" : "categoryDescription"
      "CatIdent" : "categoryIdentifier"
},
{     "CatIdx" : "categoryIndex"
      "CatName" : "categoryName"
      "CatDescr" : "categoryDescription"
      "CatIdent" : "categoryIdentifier"
},
{     "CatIdx" : "categoryIndex"
      "CatName" : "categoryName"
      "CatDescr" : "categoryDescription"
      "CatIdent" : "categoryIdentifier"
}[
	at grails.converters.JSON.parse(JSON.java:281)
	at cow.LinkedVisHierDataUnitSpec.bloog(LinkedVisHierDataUnitSpec.groovy:30)
2013-06-20 13:35:55,230 [main] ERROR StackTrace  - Full Stack Trace:
org.codehaus.groovy.grails.web.converters.exceptions.ConverterException: Error parsing JSON
	at grails.converters.JSON.parse(JSON.java:290)
	at cow.LinkedVisHierDataUnitSpec.bloog(LinkedVisHierDataUnitSpec.groovy:30)
Caused by: org.codehaus.groovy.grails.web.json.JSONException: Expected a ',' or '}' at character 42 of [
{     "CatIdx" : "categoryIndex"
      "CatName" : "categoryName"
      "CatDescr" : "categoryDescription"
      "CatIdent" : "categoryIdentifier"
},
{     "CatIdx" : "categoryIndex"
      "CatName" : "categoryName"
      "CatDescr" : "categoryDescription"
      "CatIdent" : "categoryIdentifier"
},
{     "CatIdx" : "categoryIndex"
      "CatName" : "categoryName"
      "CatDescr" : "categoryDescription"
      "CatIdent" : "categoryIdentifier"
},
{     "CatIdx" : "categoryIndex"
      "CatName" : "categoryName"
      "CatDescr" : "categoryDescription"
      "CatIdent" : "categoryIdentifier"
}[
	at grails.converters.JSON.parse(JSON.java:281)
	... 1 more
2013-06-20 13:36:37,894 [main] ERROR StackTrace  - Full Stack Trace:
org.codehaus.groovy.grails.web.converters.exceptions.ConverterException: Error parsing JSON
	at grails.converters.JSON.parse(JSON.java:290)
	at cow.LinkedVisHierDataUnitSpec.bloog(LinkedVisHierDataUnitSpec.groovy:30)
Caused by: org.codehaus.groovy.grails.web.json.JSONException: Expected a ',' or '}' at character 42 of [
{     "CatIdx" : "categoryIndex"
      "CatName" : "categoryName"
      "CatDescr" : "categoryDescription"
      "CatIdent" : "categoryIdentifier"
},
{     "CatIdx" : "categoryIndex"
      "CatName" : "categoryName"
      "CatDescr" : "categoryDescription"
      "CatIdent" : "categoryIdentifier"
},
{     "CatIdx" : "categoryIndex"
      "CatName" : "categoryName"
      "CatDescr" : "categoryDescription"
      "CatIdent" : "categoryIdentifier"
},
{     "CatIdx" : "categoryIndex"
      "CatName" : "categoryName"
      "CatDescr" : "categoryDescription"
      "CatIdent" : "categoryIdentifier"
}]
	at org.codehaus.groovy.grails.web.json.JSONTokener.syntaxError(JSONTokener.java:470)
	at org.codehaus.groovy.grails.web.json.JSONObject.<init>(JSONObject.java:236)
	at org.codehaus.groovy.grails.web.json.JSONTokener.nextValue(JSONTokener.java:328)
	at org.codehaus.groovy.grails.web.json.JSONArray.<init>(JSONArray.java:121)
	at org.codehaus.groovy.grails.web.json.JSONTokener.nextValue(JSONTokener.java:331)
	at grails.converters.JSON.parse(JSON.java:281)
	... 1 more
2013-06-20 13:36:37,896 [main] ERROR StackTrace  - Full Stack Trace:
org.codehaus.groovy.grails.web.json.JSONException: Expected a ',' or '}' at character 42 of [
{     "CatIdx" : "categoryIndex"
      "CatName" : "categoryName"
      "CatDescr" : "categoryDescription"
      "CatIdent" : "categoryIdentifier"
},
{     "CatIdx" : "categoryIndex"
      "CatName" : "categoryName"
      "CatDescr" : "categoryDescription"
      "CatIdent" : "categoryIdentifier"
},
{     "CatIdx" : "categoryIndex"
      "CatName" : "categoryName"
      "CatDescr" : "categoryDescription"
      "CatIdent" : "categoryIdentifier"
},
{     "CatIdx" : "categoryIndex"
      "CatName" : "categoryName"
      "CatDescr" : "categoryDescription"
      "CatIdent" : "categoryIdentifier"
}]
	at org.codehaus.groovy.grails.web.json.JSONTokener.syntaxError(JSONTokener.java:470)
	at org.codehaus.groovy.grails.web.json.JSONObject.<init>(JSONObject.java:236)
	at org.codehaus.groovy.grails.web.json.JSONTokener.nextValue(JSONTokener.java:328)
	at org.codehaus.groovy.grails.web.json.JSONArray.<init>(JSONArray.java:121)
	at org.codehaus.groovy.grails.web.json.JSONTokener.nextValue(JSONTokener.java:331)
	at grails.converters.JSON.parse(JSON.java:281)
	at cow.LinkedVisHierDataUnitSpec.bloog(LinkedVisHierDataUnitSpec.groovy:30)
2013-06-20 13:36:37,896 [main] ERROR StackTrace  - Full Stack Trace:
org.codehaus.groovy.grails.web.converters.exceptions.ConverterException: Error parsing JSON
	at grails.converters.JSON.parse(JSON.java:290)
	at cow.LinkedVisHierDataUnitSpec.bloog(LinkedVisHierDataUnitSpec.groovy:30)
Caused by: org.codehaus.groovy.grails.web.json.JSONException: Expected a ',' or '}' at character 42 of [
{     "CatIdx" : "categoryIndex"
      "CatName" : "categoryName"
      "CatDescr" : "categoryDescription"
      "CatIdent" : "categoryIdentifier"
},
{     "CatIdx" : "categoryIndex"
      "CatName" : "categoryName"
      "CatDescr" : "categoryDescription"
      "CatIdent" : "categoryIdentifier"
},
{     "CatIdx" : "categoryIndex"
      "CatName" : "categoryName"
      "CatDescr" : "categoryDescription"
      "CatIdent" : "categoryIdentifier"
},
{     "CatIdx" : "categoryIndex"
      "CatName" : "categoryName"
      "CatDescr" : "categoryDescription"
      "CatIdent" : "categoryIdentifier"
}]
	at grails.converters.JSON.parse(JSON.java:281)
	... 1 more
2013-06-20 13:36:37,900 [main] ERROR StackTrace  - Full Stack Trace:
org.codehaus.groovy.grails.web.converters.exceptions.ConverterException: Error parsing JSON
	at grails.converters.JSON.parse(JSON.java:290)
	at cow.LinkedVisHierDataUnitSpec.bloog(LinkedVisHierDataUnitSpec.groovy:30)
Caused by: org.codehaus.groovy.grails.web.json.JSONException: Expected a ',' or '}' at character 42 of [
{     "CatIdx" : "categoryIndex"
      "CatName" : "categoryName"
      "CatDescr" : "categoryDescription"
      "CatIdent" : "categoryIdentifier"
},
{     "CatIdx" : "categoryIndex"
      "CatName" : "categoryName"
      "CatDescr" : "categoryDescription"
      "CatIdent" : "categoryIdentifier"
},
{     "CatIdx" : "categoryIndex"
      "CatName" : "categoryName"
      "CatDescr" : "categoryDescription"
      "CatIdent" : "categoryIdentifier"
},
{     "CatIdx" : "categoryIndex"
      "CatName" : "categoryName"
      "CatDescr" : "categoryDescription"
      "CatIdent" : "categoryIdentifier"
}]
	at grails.converters.JSON.parse(JSON.java:281)
	... 1 more
2013-06-20 13:36:37,900 [main] ERROR StackTrace  - Full Stack Trace:
org.codehaus.groovy.grails.web.json.JSONException: Expected a ',' or '}' at character 42 of [
{     "CatIdx" : "categoryIndex"
      "CatName" : "categoryName"
      "CatDescr" : "categoryDescription"
      "CatIdent" : "categoryIdentifier"
},
{     "CatIdx" : "categoryIndex"
      "CatName" : "categoryName"
      "CatDescr" : "categoryDescription"
      "CatIdent" : "categoryIdentifier"
},
{     "CatIdx" : "categoryIndex"
      "CatName" : "categoryName"
      "CatDescr" : "categoryDescription"
      "CatIdent" : "categoryIdentifier"
},
{     "CatIdx" : "categoryIndex"
      "CatName" : "categoryName"
      "CatDescr" : "categoryDescription"
      "CatIdent" : "categoryIdentifier"
}]
	at grails.converters.JSON.parse(JSON.java:281)
	at cow.LinkedVisHierDataUnitSpec.bloog(LinkedVisHierDataUnitSpec.groovy:30)
2013-06-20 13:36:37,900 [main] ERROR StackTrace  - Full Stack Trace:
org.codehaus.groovy.grails.web.converters.exceptions.ConverterException: Error parsing JSON
	at grails.converters.JSON.parse(JSON.java:290)
	at cow.LinkedVisHierDataUnitSpec.bloog(LinkedVisHierDataUnitSpec.groovy:30)
Caused by: org.codehaus.groovy.grails.web.json.JSONException: Expected a ',' or '}' at character 42 of [
{     "CatIdx" : "categoryIndex"
      "CatName" : "categoryName"
      "CatDescr" : "categoryDescription"
      "CatIdent" : "categoryIdentifier"
},
{     "CatIdx" : "categoryIndex"
      "CatName" : "categoryName"
      "CatDescr" : "categoryDescription"
      "CatIdent" : "categoryIdentifier"
},
{     "CatIdx" : "categoryIndex"
      "CatName" : "categoryName"
      "CatDescr" : "categoryDescription"
      "CatIdent" : "categoryIdentifier"
},
{     "CatIdx" : "categoryIndex"
      "CatName" : "categoryName"
      "CatDescr" : "categoryDescription"
      "CatIdent" : "categoryIdentifier"
}]
	at grails.converters.JSON.parse(JSON.java:281)
	... 1 more
2013-06-20 13:36:37,909 [main] ERROR StackTrace  - Full Stack Trace:
org.codehaus.groovy.grails.web.converters.exceptions.ConverterException: Error parsing JSON
	at grails.converters.JSON.parse(JSON.java:290)
	at cow.LinkedVisHierDataUnitSpec.bloog(LinkedVisHierDataUnitSpec.groovy:30)
Caused by: org.codehaus.groovy.grails.web.json.JSONException: Expected a ',' or '}' at character 42 of [
{     "CatIdx" : "categoryIndex"
      "CatName" : "categoryName"
      "CatDescr" : "categoryDescription"
      "CatIdent" : "categoryIdentifier"
},
{     "CatIdx" : "categoryIndex"
      "CatName" : "categoryName"
      "CatDescr" : "categoryDescription"
      "CatIdent" : "categoryIdentifier"
},
{     "CatIdx" : "categoryIndex"
      "CatName" : "categoryName"
      "CatDescr" : "categoryDescription"
      "CatIdent" : "categoryIdentifier"
},
{     "CatIdx" : "categoryIndex"
      "CatName" : "categoryName"
      "CatDescr" : "categoryDescription"
      "CatIdent" : "categoryIdentifier"
}]
	at grails.converters.JSON.parse(JSON.java:281)
	... 1 more
2013-06-20 13:36:37,909 [main] ERROR StackTrace  - Full Stack Trace:
org.codehaus.groovy.grails.web.json.JSONException: Expected a ',' or '}' at character 42 of [
{     "CatIdx" : "categoryIndex"
      "CatName" : "categoryName"
      "CatDescr" : "categoryDescription"
      "CatIdent" : "categoryIdentifier"
},
{     "CatIdx" : "categoryIndex"
      "CatName" : "categoryName"
      "CatDescr" : "categoryDescription"
      "CatIdent" : "categoryIdentifier"
},
{     "CatIdx" : "categoryIndex"
      "CatName" : "categoryName"
      "CatDescr" : "categoryDescription"
      "CatIdent" : "categoryIdentifier"
},
{     "CatIdx" : "categoryIndex"
      "CatName" : "categoryName"
      "CatDescr" : "categoryDescription"
      "CatIdent" : "categoryIdentifier"
}]
	at grails.converters.JSON.parse(JSON.java:281)
	at cow.LinkedVisHierDataUnitSpec.bloog(LinkedVisHierDataUnitSpec.groovy:30)
2013-06-20 13:36:37,909 [main] ERROR StackTrace  - Full Stack Trace:
org.codehaus.groovy.grails.web.converters.exceptions.ConverterException: Error parsing JSON
	at grails.converters.JSON.parse(JSON.java:290)
	at cow.LinkedVisHierDataUnitSpec.bloog(LinkedVisHierDataUnitSpec.groovy:30)
Caused by: org.codehaus.groovy.grails.web.json.JSONException: Expected a ',' or '}' at character 42 of [
{     "CatIdx" : "categoryIndex"
      "CatName" : "categoryName"
      "CatDescr" : "categoryDescription"
      "CatIdent" : "categoryIdentifier"
},
{     "CatIdx" : "categoryIndex"
      "CatName" : "categoryName"
      "CatDescr" : "categoryDescription"
      "CatIdent" : "categoryIdentifier"
},
{     "CatIdx" : "categoryIndex"
      "CatName" : "categoryName"
      "CatDescr" : "categoryDescription"
      "CatIdent" : "categoryIdentifier"
},
{     "CatIdx" : "categoryIndex"
      "CatName" : "categoryName"
      "CatDescr" : "categoryDescription"
      "CatIdent" : "categoryIdentifier"
}]
	at grails.converters.JSON.parse(JSON.java:281)
	... 1 more
2013-06-20 13:39:29,886 [main] ERROR StackTrace  - Full Stack Trace:
org.codehaus.groovy.runtime.typehandling.GroovyCastException: Cannot cast object '[{"CatDescr":"categoryDescription","CatName":"categoryName","CatIdent":"categoryIdentifier","CatIdx":"categoryIndex"},{"CatDescr":"categoryDescription","CatName":"categoryName","CatIdent":"categoryIdentifier","CatIdx":"categoryIndex"},{"CatDescr":"categoryDescription","CatName":"categoryName","CatIdent":"categoryIdentifier","CatIdx":"categoryIndex"},{"CatDescr":"categoryDescription","CatName":"categoryName","CatIdent":"categoryIdentifier","CatIdx":"categoryIndex"}]' with class 'org.codehaus.groovy.grails.web.json.JSONArray' to class 'org.codehaus.groovy.grails.web.json.JSONObject' due to: groovy.lang.GroovyRuntimeException: Could not find matching constructor for: org.codehaus.groovy.grails.web.json.JSONObject(org.codehaus.groovy.grails.web.json.JSONObject, org.codehaus.groovy.grails.web.json.JSONObject, org.codehaus.groovy.grails.web.json.JSONObject, org.codehaus.groovy.grails.web.json.JSONObject)
	at cow.LinkedVisHierDataUnitSpec.bloog(LinkedVisHierDataUnitSpec.groovy:30)
2013-06-20 13:39:29,889 [main] ERROR StackTrace  - Full Stack Trace:
org.codehaus.groovy.runtime.typehandling.GroovyCastException: Cannot cast object '[{"CatDescr":"categoryDescription","CatName":"categoryName","CatIdent":"categoryIdentifier","CatIdx":"categoryIndex"},{"CatDescr":"categoryDescription","CatName":"categoryName","CatIdent":"categoryIdentifier","CatIdx":"categoryIndex"},{"CatDescr":"categoryDescription","CatName":"categoryName","CatIdent":"categoryIdentifier","CatIdx":"categoryIndex"},{"CatDescr":"categoryDescription","CatName":"categoryName","CatIdent":"categoryIdentifier","CatIdx":"categoryIndex"}]' with class 'org.codehaus.groovy.grails.web.json.JSONArray' to class 'org.codehaus.groovy.grails.web.json.JSONObject' due to: groovy.lang.GroovyRuntimeException: Could not find matching constructor for: org.codehaus.groovy.grails.web.json.JSONObject(org.codehaus.groovy.grails.web.json.JSONObject, org.codehaus.groovy.grails.web.json.JSONObject, org.codehaus.groovy.grails.web.json.JSONObject, org.codehaus.groovy.grails.web.json.JSONObject)
	at cow.LinkedVisHierDataUnitSpec.bloog(LinkedVisHierDataUnitSpec.groovy:30)
2013-06-20 13:39:29,894 [main] ERROR StackTrace  - Full Stack Trace:
org.codehaus.groovy.runtime.typehandling.GroovyCastException: Cannot cast object '[{"CatDescr":"categoryDescription","CatName":"categoryName","CatIdent":"categoryIdentifier","CatIdx":"categoryIndex"},{"CatDescr":"categoryDescription","CatName":"categoryName","CatIdent":"categoryIdentifier","CatIdx":"categoryIndex"},{"CatDescr":"categoryDescription","CatName":"categoryName","CatIdent":"categoryIdentifier","CatIdx":"categoryIndex"},{"CatDescr":"categoryDescription","CatName":"categoryName","CatIdent":"categoryIdentifier","CatIdx":"categoryIndex"}]' with class 'org.codehaus.groovy.grails.web.json.JSONArray' to class 'org.codehaus.groovy.grails.web.json.JSONObject' due to: groovy.lang.GroovyRuntimeException: Could not find matching constructor for: org.codehaus.groovy.grails.web.json.JSONObject(org.codehaus.groovy.grails.web.json.JSONObject, org.codehaus.groovy.grails.web.json.JSONObject, org.codehaus.groovy.grails.web.json.JSONObject, org.codehaus.groovy.grails.web.json.JSONObject)
	at cow.LinkedVisHierDataUnitSpec.bloog(LinkedVisHierDataUnitSpec.groovy:30)
2013-06-20 13:39:29,894 [main] ERROR StackTrace  - Full Stack Trace:
org.codehaus.groovy.runtime.typehandling.GroovyCastException: Cannot cast object '[{"CatDescr":"categoryDescription","CatName":"categoryName","CatIdent":"categoryIdentifier","CatIdx":"categoryIndex"},{"CatDescr":"categoryDescription","CatName":"categoryName","CatIdent":"categoryIdentifier","CatIdx":"categoryIndex"},{"CatDescr":"categoryDescription","CatName":"categoryName","CatIdent":"categoryIdentifier","CatIdx":"categoryIndex"},{"CatDescr":"categoryDescription","CatName":"categoryName","CatIdent":"categoryIdentifier","CatIdx":"categoryIndex"}]' with class 'org.codehaus.groovy.grails.web.json.JSONArray' to class 'org.codehaus.groovy.grails.web.json.JSONObject' due to: groovy.lang.GroovyRuntimeException: Could not find matching constructor for: org.codehaus.groovy.grails.web.json.JSONObject(org.codehaus.groovy.grails.web.json.JSONObject, org.codehaus.groovy.grails.web.json.JSONObject, org.codehaus.groovy.grails.web.json.JSONObject, org.codehaus.groovy.grails.web.json.JSONObject)
	at cow.LinkedVisHierDataUnitSpec.bloog(LinkedVisHierDataUnitSpec.groovy:30)
2013-06-20 13:39:29,902 [main] ERROR StackTrace  - Full Stack Trace:
org.codehaus.groovy.runtime.typehandling.GroovyCastException: Cannot cast object '[{"CatDescr":"categoryDescription","CatName":"categoryName","CatIdent":"categoryIdentifier","CatIdx":"categoryIndex"},{"CatDescr":"categoryDescription","CatName":"categoryName","CatIdent":"categoryIdentifier","CatIdx":"categoryIndex"},{"CatDescr":"categoryDescription","CatName":"categoryName","CatIdent":"categoryIdentifier","CatIdx":"categoryIndex"},{"CatDescr":"categoryDescription","CatName":"categoryName","CatIdent":"categoryIdentifier","CatIdx":"categoryIndex"}]' with class 'org.codehaus.groovy.grails.web.json.JSONArray' to class 'org.codehaus.groovy.grails.web.json.JSONObject' due to: groovy.lang.GroovyRuntimeException: Could not find matching constructor for: org.codehaus.groovy.grails.web.json.JSONObject(org.codehaus.groovy.grails.web.json.JSONObject, org.codehaus.groovy.grails.web.json.JSONObject, org.codehaus.groovy.grails.web.json.JSONObject, org.codehaus.groovy.grails.web.json.JSONObject)
	at cow.LinkedVisHierDataUnitSpec.bloog(LinkedVisHierDataUnitSpec.groovy:30)
2013-06-20 13:39:29,902 [main] ERROR StackTrace  - Full Stack Trace:
org.codehaus.groovy.runtime.typehandling.GroovyCastException: Cannot cast object '[{"CatDescr":"categoryDescription","CatName":"categoryName","CatIdent":"categoryIdentifier","CatIdx":"categoryIndex"},{"CatDescr":"categoryDescription","CatName":"categoryName","CatIdent":"categoryIdentifier","CatIdx":"categoryIndex"},{"CatDescr":"categoryDescription","CatName":"categoryName","CatIdent":"categoryIdentifier","CatIdx":"categoryIndex"},{"CatDescr":"categoryDescription","CatName":"categoryName","CatIdent":"categoryIdentifier","CatIdx":"categoryIndex"}]' with class 'org.codehaus.groovy.grails.web.json.JSONArray' to class 'org.codehaus.groovy.grails.web.json.JSONObject' due to: groovy.lang.GroovyRuntimeException: Could not find matching constructor for: org.codehaus.groovy.grails.web.json.JSONObject(org.codehaus.groovy.grails.web.json.JSONObject, org.codehaus.groovy.grails.web.json.JSONObject, org.codehaus.groovy.grails.web.json.JSONObject, org.codehaus.groovy.grails.web.json.JSONObject)
	at cow.LinkedVisHierDataUnitSpec.bloog(LinkedVisHierDataUnitSpec.groovy:30)
2013-06-20 13:44:13,307 [main] ERROR StackTrace  - Full Stack Trace:
groovy.json.JsonException: Expected a value, an array, or an object on line: 10, column: 43.
But got ',' instead.
	at groovy.json.JsonSlurper.parseArray(JsonSlurper.java:122)
	at groovy.json.JsonSlurper.parse(JsonSlurper.java:77)
	at groovy.json.JsonSlurper.parseText(JsonSlurper.java:59)
	at cow.LinkedVisHierDataUnitSpec.bloog(LinkedVisHierDataUnitSpec.groovy:29)
2013-06-20 13:44:13,310 [main] ERROR StackTrace  - Full Stack Trace:
groovy.json.JsonException: Expected a value, an array, or an object on line: 10, column: 43.
But got ',' instead.
	at cow.LinkedVisHierDataUnitSpec.bloog(LinkedVisHierDataUnitSpec.groovy:29)
2013-06-20 13:44:13,312 [main] ERROR StackTrace  - Full Stack Trace:
groovy.json.JsonException: Expected a value, an array, or an object on line: 10, column: 43.
But got ',' instead.
	at cow.LinkedVisHierDataUnitSpec.bloog(LinkedVisHierDataUnitSpec.groovy:29)
2013-06-20 13:44:13,312 [main] ERROR StackTrace  - Full Stack Trace:
groovy.json.JsonException: Expected a value, an array, or an object on line: 10, column: 43.
But got ',' instead.
	at cow.LinkedVisHierDataUnitSpec.bloog(LinkedVisHierDataUnitSpec.groovy:29)
2013-06-20 13:44:13,321 [main] ERROR StackTrace  - Full Stack Trace:
groovy.json.JsonException: Expected a value, an array, or an object on line: 10, column: 43.
But got ',' instead.
	at cow.LinkedVisHierDataUnitSpec.bloog(LinkedVisHierDataUnitSpec.groovy:29)
2013-06-20 13:44:13,321 [main] ERROR StackTrace  - Full Stack Trace:
groovy.json.JsonException: Expected a value, an array, or an object on line: 10, column: 43.
But got ',' instead.
	at cow.LinkedVisHierDataUnitSpec.bloog(LinkedVisHierDataUnitSpec.groovy:29)
2013-06-20 13:46:37,174 [main] ERROR StackTrace  - Full Stack Trace:
Condition not satisfied:

userJson.getClass().name == 'ArrayList'
|        |          |    |
|        |          |    false
|        |          |    10 differences (47% similarity)
|        |          |    (java.util.)ArrayList
|        |          |    (----------)ArrayList
|        |          java.util.ArrayList
|        class java.util.ArrayList
[[CatDescr:categoryDescription, CatName:categoryName, CatIdent:categoryIdentifier, CatIdx:categoryIndex], [CatDescr:categoryDescription, CatName:categoryName, CatIdent:categoryIdentifier, CatIdx:categoryIndex], [CatDescr:categoryDescription, CatName:categoryName, CatIdent:categoryIdentifier, CatIdx:categoryIndex], [CatDescr:categoryDescription, CatName:categoryName, CatIdent:categoryIdentifier, CatIdx:categoryIndex]]

	at cow.LinkedVisHierDataUnitSpec.bloog(LinkedVisHierDataUnitSpec.groovy:30)
2013-06-20 13:46:37,182 [main] ERROR StackTrace  - Full Stack Trace:
Condition not satisfied:

userJson.getClass().name == 'ArrayList'
|        |          |    |
|        |          |    false
|        |          |    10 differences (47% similarity)
|        |          |    (java.util.)ArrayList
|        |          |    (----------)ArrayList
|        |          java.util.ArrayList
|        class java.util.ArrayList
[[CatDescr:categoryDescription, CatName:categoryName, CatIdent:categoryIdentifier, CatIdx:categoryIndex], [CatDescr:categoryDescription, CatName:categoryName, CatIdent:categoryIdentifier, CatIdx:categoryIndex], [CatDescr:categoryDescription, CatName:categoryName, CatIdent:categoryIdentifier, CatIdx:categoryIndex], [CatDescr:categoryDescription, CatName:categoryName, CatIdent:categoryIdentifier, CatIdx:categoryIndex]]

	at cow.LinkedVisHierDataUnitSpec.bloog(LinkedVisHierDataUnitSpec.groovy:30)
2013-06-20 13:46:37,199 [main] ERROR StackTrace  - Full Stack Trace:
junit.framework.AssertionFailedError: Condition not satisfied:

userJson.getClass().name == 'ArrayList'
|        |          |    |
|        |          |    false
|        |          |    10 differences (47% similarity)
|        |          |    (java.util.)ArrayList
|        |          |    (----------)ArrayList
|        |          java.util.ArrayList
|        class java.util.ArrayList
[[CatDescr:categoryDescription, CatName:categoryName, CatIdent:categoryIdentifier, CatIdx:categoryIndex], [CatDescr:categoryDescription, CatName:categoryName, CatIdent:categoryIdentifier, CatIdx:categoryIndex], [CatDescr:categoryDescription, CatName:categoryName, CatIdent:categoryIdentifier, CatIdx:categoryIndex], [CatDescr:categoryDescription, CatName:categoryName, CatIdent:categoryIdentifier, CatIdx:categoryIndex]]

	at cow.LinkedVisHierDataUnitSpec.bloog(LinkedVisHierDataUnitSpec.groovy:30)
2013-06-20 13:46:37,199 [main] ERROR StackTrace  - Full Stack Trace:
junit.framework.AssertionFailedError: Condition not satisfied:

userJson.getClass().name == 'ArrayList'
|        |          |    |
|        |          |    false
|        |          |    10 differences (47% similarity)
|        |          |    (java.util.)ArrayList
|        |          |    (----------)ArrayList
|        |          java.util.ArrayList
|        class java.util.ArrayList
[[CatDescr:categoryDescription, CatName:categoryName, CatIdent:categoryIdentifier, CatIdx:categoryIndex], [CatDescr:categoryDescription, CatName:categoryName, CatIdent:categoryIdentifier, CatIdx:categoryIndex], [CatDescr:categoryDescription, CatName:categoryName, CatIdent:categoryIdentifier, CatIdx:categoryIndex], [CatDescr:categoryDescription, CatName:categoryName, CatIdent:categoryIdentifier, CatIdx:categoryIndex]]

	at cow.LinkedVisHierDataUnitSpec.bloog(LinkedVisHierDataUnitSpec.groovy:30)
2013-06-20 13:46:37,205 [main] ERROR StackTrace  - Full Stack Trace:
junit.framework.AssertionFailedError: Condition not satisfied:

userJson.getClass().name == 'ArrayList'
|        |          |    |
|        |          |    false
|        |          |    10 differences (47% similarity)
|        |          |    (java.util.)ArrayList
|        |          |    (----------)ArrayList
|        |          java.util.ArrayList
|        class java.util.ArrayList
[[CatDescr:categoryDescription, CatName:categoryName, CatIdent:categoryIdentifier, CatIdx:categoryIndex], [CatDescr:categoryDescription, CatName:categoryName, CatIdent:categoryIdentifier, CatIdx:categoryIndex], [CatDescr:categoryDescription, CatName:categoryName, CatIdent:categoryIdentifier, CatIdx:categoryIndex], [CatDescr:categoryDescription, CatName:categoryName, CatIdent:categoryIdentifier, CatIdx:categoryIndex]]

	at cow.LinkedVisHierDataUnitSpec.bloog(LinkedVisHierDataUnitSpec.groovy:30)
2013-06-20 13:46:37,205 [main] ERROR StackTrace  - Full Stack Trace:
junit.framework.AssertionFailedError: Condition not satisfied:

userJson.getClass().name == 'ArrayList'
|        |          |    |
|        |          |    false
|        |          |    10 differences (47% similarity)
|        |          |    (java.util.)ArrayList
|        |          |    (----------)ArrayList
|        |          java.util.ArrayList
|        class java.util.ArrayList
[[CatDescr:categoryDescription, CatName:categoryName, CatIdent:categoryIdentifier, CatIdx:categoryIndex], [CatDescr:categoryDescription, CatName:categoryName, CatIdent:categoryIdentifier, CatIdx:categoryIndex], [CatDescr:categoryDescription, CatName:categoryName, CatIdent:categoryIdentifier, CatIdx:categoryIndex], [CatDescr:categoryDescription, CatName:categoryName, CatIdent:categoryIdentifier, CatIdx:categoryIndex]]

	at cow.LinkedVisHierDataUnitSpec.bloog(LinkedVisHierDataUnitSpec.groovy:30)
2013-06-21 07:53:02,281 [main] ERROR StackTrace  - Full Stack Trace:
groovy.lang.MissingMethodException: No signature of method: cow.LinkedVisHierData.addQuotes() is applicable for argument types: (java.lang.Integer) values: [0]
	at cow.LinkedVisHierData.individualCategorySection(LinkedVisHierData.groovy:26)
	at cow.LinkedVisHierData.writeCategorySection(LinkedVisHierData.groovy:53)
	at cow.LinkedVisHierDataUnitSpec.bloog(LinkedVisHierDataUnitSpec.groovy:25)
2013-06-21 07:53:02,305 [main] ERROR StackTrace  - Full Stack Trace:
groovy.lang.MissingMethodException: No signature of method: cow.LinkedVisHierData.addQuotes() is applicable for argument types: (java.lang.Integer) values: [0]
	at cow.LinkedVisHierData.individualCategorySection(LinkedVisHierData.groovy:26)
	at cow.LinkedVisHierData.writeCategorySection(LinkedVisHierData.groovy:53)
	at cow.LinkedVisHierDataUnitSpec.bloog(LinkedVisHierDataUnitSpec.groovy:25)
2013-06-21 07:53:02,352 [main] ERROR StackTrace  - Full Stack Trace:
groovy.lang.MissingMethodException: No signature of method: cow.LinkedVisHierData.addQuotes() is applicable for argument types: (java.lang.Integer) values: [0]
	at cow.LinkedVisHierData.individualCategorySection(LinkedVisHierData.groovy:26)
	at cow.LinkedVisHierData.writeCategorySection(LinkedVisHierData.groovy:53)
	at cow.LinkedVisHierDataUnitSpec.bloog(LinkedVisHierDataUnitSpec.groovy:25)
2013-06-21 07:53:02,363 [main] ERROR StackTrace  - Full Stack Trace:
groovy.lang.MissingMethodException: No signature of method: cow.LinkedVisHierData.addQuotes() is applicable for argument types: (java.lang.Integer) values: [0]
	at cow.LinkedVisHierData.individualCategorySection(LinkedVisHierData.groovy:26)
	at cow.LinkedVisHierData.writeCategorySection(LinkedVisHierData.groovy:53)
	at cow.LinkedVisHierDataUnitSpec.bloog(LinkedVisHierDataUnitSpec.groovy:25)
2013-06-21 07:53:02,404 [main] ERROR StackTrace  - Full Stack Trace:
groovy.lang.MissingMethodException: No signature of method: cow.LinkedVisHierData.addQuotes() is applicable for argument types: (java.lang.Integer) values: [0]
	at cow.LinkedVisHierData.individualCategorySection(LinkedVisHierData.groovy:26)
	at cow.LinkedVisHierData.writeCategorySection(LinkedVisHierData.groovy:53)
	at cow.LinkedVisHierDataUnitSpec.bloog(LinkedVisHierDataUnitSpec.groovy:25)
2013-06-21 07:53:02,410 [main] ERROR StackTrace  - Full Stack Trace:
groovy.lang.MissingMethodException: No signature of method: cow.LinkedVisHierData.addQuotes() is applicable for argument types: (java.lang.Integer) values: [0]
	at cow.LinkedVisHierData.individualCategorySection(LinkedVisHierData.groovy:26)
	at cow.LinkedVisHierData.writeCategorySection(LinkedVisHierData.groovy:53)
	at cow.LinkedVisHierDataUnitSpec.bloog(LinkedVisHierDataUnitSpec.groovy:25)
2013-06-21 08:00:29,767 [main] ERROR StackTrace  - Full Stack Trace:
groovy.lang.MissingMethodException: No signature of method: cow.LinkedVisHierData.addQuotes() is applicable for argument types: (java.lang.Integer) values: [0]
	at cow.LinkedVisHierData.individualHierarchySection(LinkedVisHierData.groovy:40)
	at cow.LinkedVisHierData.writeHierarchySection(LinkedVisHierData.groovy:67)
	at cow.LinkedVisHierDataUnitSpec.test writeCategorySection(LinkedVisHierDataUnitSpec.groovy:39)
2013-06-21 08:00:29,784 [main] ERROR StackTrace  - Full Stack Trace:
groovy.lang.MissingMethodException: No signature of method: cow.LinkedVisHierData.addQuotes() is applicable for argument types: (java.lang.Integer) values: [0]
	at cow.LinkedVisHierData.individualHierarchySection(LinkedVisHierData.groovy:40)
	at cow.LinkedVisHierData.writeHierarchySection(LinkedVisHierData.groovy:67)
	at cow.LinkedVisHierDataUnitSpec.test writeCategorySection(LinkedVisHierDataUnitSpec.groovy:39)
2013-06-21 08:00:29,835 [main] ERROR StackTrace  - Full Stack Trace:
groovy.lang.MissingMethodException: No signature of method: cow.LinkedVisHierData.addQuotes() is applicable for argument types: (java.lang.Integer) values: [0]
	at cow.LinkedVisHierData.individualHierarchySection(LinkedVisHierData.groovy:40)
	at cow.LinkedVisHierData.writeHierarchySection(LinkedVisHierData.groovy:67)
	at cow.LinkedVisHierDataUnitSpec.test writeCategorySection(LinkedVisHierDataUnitSpec.groovy:39)
2013-06-21 08:00:29,846 [main] ERROR StackTrace  - Full Stack Trace:
groovy.lang.MissingMethodException: No signature of method: cow.LinkedVisHierData.addQuotes() is applicable for argument types: (java.lang.Integer) values: [0]
	at cow.LinkedVisHierData.individualHierarchySection(LinkedVisHierData.groovy:40)
	at cow.LinkedVisHierData.writeHierarchySection(LinkedVisHierData.groovy:67)
	at cow.LinkedVisHierDataUnitSpec.test writeCategorySection(LinkedVisHierDataUnitSpec.groovy:39)
2013-06-21 08:00:29,904 [main] ERROR StackTrace  - Full Stack Trace:
groovy.lang.MissingMethodException: No signature of method: cow.LinkedVisHierData.addQuotes() is applicable for argument types: (java.lang.Integer) values: [0]
	at cow.LinkedVisHierData.individualHierarchySection(LinkedVisHierData.groovy:40)
	at cow.LinkedVisHierData.writeHierarchySection(LinkedVisHierData.groovy:67)
	at cow.LinkedVisHierDataUnitSpec.test writeCategorySection(LinkedVisHierDataUnitSpec.groovy:39)
2013-06-21 08:00:29,916 [main] ERROR StackTrace  - Full Stack Trace:
groovy.lang.MissingMethodException: No signature of method: cow.LinkedVisHierData.addQuotes() is applicable for argument types: (java.lang.Integer) values: [0]
	at cow.LinkedVisHierData.individualHierarchySection(LinkedVisHierData.groovy:40)
	at cow.LinkedVisHierData.writeHierarchySection(LinkedVisHierData.groovy:67)
	at cow.LinkedVisHierDataUnitSpec.test writeCategorySection(LinkedVisHierDataUnitSpec.groovy:39)
2013-06-21 08:31:51,807 [main] ERROR StackTrace  - Full Stack Trace:
groovy.lang.MissingMethodException: No signature of method: cow.LinkedVisHierData.writeCategorySection() is applicable for argument types: () values: []
Possible solutions: createCategorySection()
	at cow.LinkedVisHierDataUnitSpec.test writeHierSection(LinkedVisHierDataUnitSpec.groovy:44)
2013-06-21 08:31:51,831 [main] ERROR StackTrace  - Full Stack Trace:
groovy.lang.MissingMethodException: No signature of method: cow.LinkedVisHierData.writeCategorySection() is applicable for argument types: () values: []
Possible solutions: createCategorySection()
	at cow.LinkedVisHierDataUnitSpec.test writeHierSection(LinkedVisHierDataUnitSpec.groovy:44)
2013-06-21 08:31:51,882 [main] ERROR StackTrace  - Full Stack Trace:
groovy.lang.MissingMethodException: No signature of method: cow.LinkedVisHierData.writeCategorySection() is applicable for argument types: () values: []
Possible solutions: createCategorySection()
	at cow.LinkedVisHierDataUnitSpec.test writeHierSection(LinkedVisHierDataUnitSpec.groovy:44)
2013-06-21 08:31:51,883 [main] ERROR StackTrace  - Full Stack Trace:
groovy.lang.MissingMethodException: No signature of method: cow.LinkedVisHierData.writeCategorySection() is applicable for argument types: () values: []
Possible solutions: createCategorySection()
	at cow.LinkedVisHierDataUnitSpec.test writeHierSection(LinkedVisHierDataUnitSpec.groovy:44)
2013-06-21 08:31:51,893 [main] ERROR StackTrace  - Full Stack Trace:
groovy.lang.MissingMethodException: No signature of method: cow.LinkedVisHierData.writeCategorySection() is applicable for argument types: () values: []
Possible solutions: createCategorySection()
	at cow.LinkedVisHierDataUnitSpec.test writeHierSection(LinkedVisHierDataUnitSpec.groovy:44)
2013-06-21 08:31:51,893 [main] ERROR StackTrace  - Full Stack Trace:
groovy.lang.MissingMethodException: No signature of method: cow.LinkedVisHierData.writeCategorySection() is applicable for argument types: () values: []
Possible solutions: createCategorySection()
	at cow.LinkedVisHierDataUnitSpec.test writeHierSection(LinkedVisHierDataUnitSpec.groovy:44)
2013-06-21 08:42:03,643 [main] ERROR StackTrace  - Full Stack Trace:
groovy.lang.MissingMethodException: No signature of method: java.lang.String.call() is applicable for argument types: () values: []
Possible solutions: wait(), any(), wait(long), any(groovy.lang.Closure), take(int), each(groovy.lang.Closure)
	at cow.LinkedVisHierDataUnitSpec.test writeHierSection(LinkedVisHierDataUnitSpec.groovy:41)
2013-06-21 08:42:03,666 [main] ERROR StackTrace  - Full Stack Trace:
groovy.lang.MissingMethodException: No signature of method: java.lang.String.call() is applicable for argument types: () values: []
Possible solutions: wait(), any(), wait(long), any(groovy.lang.Closure), take(int), each(groovy.lang.Closure)
	at cow.LinkedVisHierDataUnitSpec.test writeHierSection(LinkedVisHierDataUnitSpec.groovy:41)
2013-06-21 08:42:03,716 [main] ERROR StackTrace  - Full Stack Trace:
groovy.lang.MissingMethodException: No signature of method: java.lang.String.call() is applicable for argument types: () values: []
Possible solutions: wait(), any(), wait(long), any(groovy.lang.Closure), take(int), each(groovy.lang.Closure)
	at cow.LinkedVisHierDataUnitSpec.test writeHierSection(LinkedVisHierDataUnitSpec.groovy:41)
2013-06-21 08:42:03,728 [main] ERROR StackTrace  - Full Stack Trace:
groovy.lang.MissingMethodException: No signature of method: java.lang.String.call() is applicable for argument types: () values: []
Possible solutions: wait(), any(), wait(long), any(groovy.lang.Closure), take(int), each(groovy.lang.Closure)
	at cow.LinkedVisHierDataUnitSpec.test writeHierSection(LinkedVisHierDataUnitSpec.groovy:41)
2013-06-21 08:42:03,747 [main] ERROR StackTrace  - Full Stack Trace:
groovy.lang.MissingMethodException: No signature of method: java.lang.String.call() is applicable for argument types: () values: []
Possible solutions: wait(), any(), wait(long), any(groovy.lang.Closure), take(int), each(groovy.lang.Closure)
	at cow.LinkedVisHierDataUnitSpec.test writeHierSection(LinkedVisHierDataUnitSpec.groovy:41)
2013-06-21 08:42:03,749 [main] ERROR StackTrace  - Full Stack Trace:
groovy.lang.MissingMethodException: No signature of method: java.lang.String.call() is applicable for argument types: () values: []
Possible solutions: wait(), any(), wait(long), any(groovy.lang.Closure), take(int), each(groovy.lang.Closure)
	at cow.LinkedVisHierDataUnitSpec.test writeHierSection(LinkedVisHierDataUnitSpec.groovy:41)
2013-06-21 13:45:47,578 [main] ERROR StackTrace  - Full Stack Trace:
groovy.lang.MissingPropertyException: No such property: createCategorySection for class: cow.LinkedVisHierData
	at cow.LinkedVisHierData.createCombinedListing(LinkedVisHierData.groovy:259)
	at cow.LinkedVisHierDataUnitSpec.test createCombinedListing(LinkedVisHierDataUnitSpec.groovy:75)
2013-06-21 13:45:47,589 [main] ERROR StackTrace  - Full Stack Trace:
groovy.lang.MissingPropertyException: No such property: createCategorySection for class: cow.LinkedVisHierData
	at cow.LinkedVisHierData.createCombinedListing(LinkedVisHierData.groovy:259)
	at cow.LinkedVisHierDataUnitSpec.test createCombinedListing(LinkedVisHierDataUnitSpec.groovy:75)
2013-06-21 13:45:47,593 [main] ERROR StackTrace  - Full Stack Trace:
groovy.lang.MissingPropertyException: No such property: createCategorySection for class: cow.LinkedVisHierData
	at cow.LinkedVisHierData.createCombinedListing(LinkedVisHierData.groovy:259)
	at cow.LinkedVisHierDataUnitSpec.test createCombinedListing(LinkedVisHierDataUnitSpec.groovy:75)
2013-06-21 13:45:47,593 [main] ERROR StackTrace  - Full Stack Trace:
groovy.lang.MissingPropertyException: No such property: createCategorySection for class: cow.LinkedVisHierData
	at cow.LinkedVisHierData.createCombinedListing(LinkedVisHierData.groovy:259)
	at cow.LinkedVisHierDataUnitSpec.test createCombinedListing(LinkedVisHierDataUnitSpec.groovy:75)
2013-06-21 13:45:47,616 [main] ERROR StackTrace  - Full Stack Trace:
groovy.lang.MissingPropertyException: No such property: createCategorySection for class: cow.LinkedVisHierData
	at cow.LinkedVisHierData.createCombinedListing(LinkedVisHierData.groovy:259)
	at cow.LinkedVisHierDataUnitSpec.test createCombinedListing(LinkedVisHierDataUnitSpec.groovy:75)
2013-06-21 13:45:47,616 [main] ERROR StackTrace  - Full Stack Trace:
groovy.lang.MissingPropertyException: No such property: createCategorySection for class: cow.LinkedVisHierData
	at cow.LinkedVisHierData.createCombinedListing(LinkedVisHierData.groovy:259)
	at cow.LinkedVisHierDataUnitSpec.test createCombinedListing(LinkedVisHierDataUnitSpec.groovy:75)
2013-06-21 13:48:27,006 [main] ERROR StackTrace  - Full Stack Trace:
groovy.lang.MissingPropertyException: No such property: createCategorySection for class: cow.LinkedVisHierData
	at cow.LinkedVisHierData.createCombinedListing(LinkedVisHierData.groovy:259)
	at cow.LinkedVisHierDataUnitSpec.test createCombinedListing(LinkedVisHierDataUnitSpec.groovy:75)
2013-06-21 13:48:27,009 [main] ERROR StackTrace  - Full Stack Trace:
groovy.lang.MissingPropertyException: No such property: createCategorySection for class: cow.LinkedVisHierData
	at cow.LinkedVisHierData.createCombinedListing(LinkedVisHierData.groovy:259)
	at cow.LinkedVisHierDataUnitSpec.test createCombinedListing(LinkedVisHierDataUnitSpec.groovy:75)
2013-06-21 13:48:27,013 [main] ERROR StackTrace  - Full Stack Trace:
groovy.lang.MissingPropertyException: No such property: createCategorySection for class: cow.LinkedVisHierData
	at cow.LinkedVisHierData.createCombinedListing(LinkedVisHierData.groovy:259)
	at cow.LinkedVisHierDataUnitSpec.test createCombinedListing(LinkedVisHierDataUnitSpec.groovy:75)
2013-06-21 13:48:27,013 [main] ERROR StackTrace  - Full Stack Trace:
groovy.lang.MissingPropertyException: No such property: createCategorySection for class: cow.LinkedVisHierData
	at cow.LinkedVisHierData.createCombinedListing(LinkedVisHierData.groovy:259)
	at cow.LinkedVisHierDataUnitSpec.test createCombinedListing(LinkedVisHierDataUnitSpec.groovy:75)
2013-06-21 13:48:27,019 [main] ERROR StackTrace  - Full Stack Trace:
groovy.lang.MissingPropertyException: No such property: createCategorySection for class: cow.LinkedVisHierData
	at cow.LinkedVisHierData.createCombinedListing(LinkedVisHierData.groovy:259)
	at cow.LinkedVisHierDataUnitSpec.test createCombinedListing(LinkedVisHierDataUnitSpec.groovy:75)
2013-06-21 13:48:27,019 [main] ERROR StackTrace  - Full Stack Trace:
groovy.lang.MissingPropertyException: No such property: createCategorySection for class: cow.LinkedVisHierData
	at cow.LinkedVisHierData.createCombinedListing(LinkedVisHierData.groovy:259)
	at cow.LinkedVisHierDataUnitSpec.test createCombinedListing(LinkedVisHierDataUnitSpec.groovy:75)
2013-06-21 13:59:14,628 [main] ERROR StackTrace  - Full Stack Trace:
groovy.json.JsonException: Expected a value or a closing square bracket ']' on line: 1 column: 13.
But got ':' instead.
	at groovy.json.JsonSlurper.parseArray(JsonSlurper.java:147)
	at groovy.json.JsonSlurper.parse(JsonSlurper.java:77)
	at groovy.json.JsonSlurper.parseText(JsonSlurper.java:59)
	at cow.LinkedVisHierDataUnitSpec.test createCombinedListing(LinkedVisHierDataUnitSpec.groovy:79)
2013-06-21 13:59:14,630 [main] ERROR StackTrace  - Full Stack Trace:
groovy.json.JsonException: Expected a value or a closing square bracket ']' on line: 1 column: 13.
But got ':' instead.
	at cow.LinkedVisHierDataUnitSpec.test createCombinedListing(LinkedVisHierDataUnitSpec.groovy:79)
2013-06-21 13:59:14,633 [main] ERROR StackTrace  - Full Stack Trace:
groovy.json.JsonException: Expected a value or a closing square bracket ']' on line: 1 column: 13.
But got ':' instead.
	at cow.LinkedVisHierDataUnitSpec.test createCombinedListing(LinkedVisHierDataUnitSpec.groovy:79)
2013-06-21 13:59:14,633 [main] ERROR StackTrace  - Full Stack Trace:
groovy.json.JsonException: Expected a value or a closing square bracket ']' on line: 1 column: 13.
But got ':' instead.
	at cow.LinkedVisHierDataUnitSpec.test createCombinedListing(LinkedVisHierDataUnitSpec.groovy:79)
2013-06-21 13:59:14,640 [main] ERROR StackTrace  - Full Stack Trace:
groovy.json.JsonException: Expected a value or a closing square bracket ']' on line: 1 column: 13.
But got ':' instead.
	at cow.LinkedVisHierDataUnitSpec.test createCombinedListing(LinkedVisHierDataUnitSpec.groovy:79)
2013-06-21 13:59:14,640 [main] ERROR StackTrace  - Full Stack Trace:
groovy.json.JsonException: Expected a value or a closing square bracket ']' on line: 1 column: 13.
But got ':' instead.
	at cow.LinkedVisHierDataUnitSpec.test createCombinedListing(LinkedVisHierDataUnitSpec.groovy:79)
2013-06-21 14:00:17,971 [main] ERROR StackTrace  - Full Stack Trace:
Condition not satisfied:

userJson.getClass().name == 'java.util.ArrayList'
|        |          |    |
|        |          |    false
|        |          |    8 differences (57% similarity)
|        |          |    java.util.(H--)a(shMap)
|        |          |    java.util.(Arr)a(yList)
|        |          java.util.HashMap
|        class java.util.HashMap
[Category:[[Structure:[:], CatRef:0, HierType:Graph], [Structure:[:], CatRef:1, HierType:Tree], [Structure:[:], CatRef:2, HierType:Tree], [Structure:[:], CatRef:3, HierType:Tree]], AssayCross:[[AssayRef:0, data:[3:Ion channel NompC, 2:protein-small molecule interaction assay, 1:cell-based format, 0:none]], [AssayRef:2, data:[3:none, 2:protein expression assay, 1:cell-based format, 0:regulation of gene expression]], [AssayRef:15, data:[3:none, 2:direct enzyme activity assay, 1:single protein format, 0:bontoxilysin activity]], [AssayRef:1, data:[3:Regulator of G-protein signaling 4, 2:protein-protein interaction assay, 1:single protein format, 0:plectin-1]], [AssayRef:3, data:[3:none, 2:none, 1:whole-cell lysate format, 0:none]], [AssayRef:4, data:[3:none, 2:protein expression assay, 1:cell-based format, 0:regulation of gene expression]], [AssayRef:6, data:[3:none, 2:functional assay, 1:cell-based format, 0:bontoxilysin activity]], [AssayRef:5, data:[3:none, 2:fluorescence interference assay, 1:biochemical format, 0:none]], [AssayRef:7, data:[3:none, 2:protein-protein interaction assay, 1:biochemical format, 0:plectin-1]], [AssayRef:8, data:[3:Regulator of G-protein signaling 8, 2:protein-protein interaction assay, 1:single protein format, 0:plectin-1]], [AssayRef:9, data:[3:none, 2:direct enzyme activity assay, 1:biochemical format, 0:bontoxilysin activity]], [AssayRef:10, data:[3:Ion channel NompC, 2:protein-small molecule interaction assay, 1:cell-based format, 0:kinase activity]], [AssayRef:11, data:[3:none, 2:reporter-gene assay, 1:cell-based format, 0:none]], [AssayRef:12, data:[3:Multidrug resistance protein 1, 2:transporter assay, 1:cell-based format, 0:cell death]], [AssayRef:13, data:[3:none, 2:protein expression assay, 1:cell-based format, 0:regulation of gene expression]], [AssayRef:14, data:[3:none, 2:gene-expression assay, 1:cell-based format, 0:immunological synapse formation]]], Assays:[[AssayId:1017, AssayIdx:0, AssayName:Radiotracer Incision Assay (RIA) for Inhibitors of Human Apurinic/apyrimidinic Endonuclease 1 (APE1)], [AssayId:1730, AssayIdx:1, AssayName:Inhibitors of Bloom's syndrome helicase: Efflux Ratio Profiling Assay], [AssayId:1732, AssayIdx:2, AssayName:Inhibitors of Bloom's syndrome helicase: Aqueous Profiling Assay], [AssayId:1733, AssayIdx:3, AssayName:Inhibitors of Bloom's syndrome helicase: Metabolic Stability Profiling], [AssayId:1735, AssayIdx:4, AssayName:Inhibitors of APE1: Caco-2 Cell Permeability Profiling], [AssayId:1612, AssayIdx:5, AssayName:Inhibitors of APE1: Mouse Plasma Stability Profiling], [AssayId:1651, AssayIdx:6, AssayName:Inhibitors of APE1: Metabolic Stability Profiling], [AssayId:1604, AssayIdx:7, AssayName:Inhibitors of APE1: Aqueous Solubility Profiling], [AssayId:2483, AssayIdx:8, AssayName:qHTS Assay for Inhibitors of Bloom's syndrome helicase (BLM)], [AssayId:2472, AssayIdx:9, AssayName:qHTS Assay for Inhibitors of the Human Apurinic/apyrimidinic Endonuclease 1 (APE1)], [AssayId:2623, AssayIdx:10, AssayName:qHTS FP-Based Assay for Inhibitors of the Human Apurinic/apyrimidinic Endonuclease 1 (APE1)], [AssayId:3402, AssayIdx:11, AssayName:qHTS Assay for Inhibitors of BRCT-Phosphoprotein Interaction (Green Fluorophore)], [AssayId:3418, AssayIdx:12, AssayName:qHTS Assay for Inhibitors of BRCT-Phosphoprotein Interaction (Red Fluorophore)], [AssayId:3594, AssayIdx:13, AssayName:Homologous recombination_Rad 51_dose response_2], [AssayId:3874, AssayIdx:14, AssayName:Homologous recombination - Rad 51], [AssayId:537, AssayIdx:15, AssayName:Late stage assay provider results from the probe development effort to identify inhibitors of Wee1 degradation: luminescence-based cell-based assay to identify inhibitors of Wee1 degradation]]]

	at cow.LinkedVisHierDataUnitSpec.test createCombinedListing(LinkedVisHierDataUnitSpec.groovy:80)
2013-06-21 14:00:17,991 [main] ERROR StackTrace  - Full Stack Trace:
Condition not satisfied:

userJson.getClass().name == 'java.util.ArrayList'
|        |          |    |
|        |          |    false
|        |          |    8 differences (57% similarity)
|        |          |    java.util.(H--)a(shMap)
|        |          |    java.util.(Arr)a(yList)
|        |          java.util.HashMap
|        class java.util.HashMap
[Category:[[Structure:[:], CatRef:0, HierType:Graph], [Structure:[:], CatRef:1, HierType:Tree], [Structure:[:], CatRef:2, HierType:Tree], [Structure:[:], CatRef:3, HierType:Tree]], AssayCross:[[AssayRef:0, data:[3:Ion channel NompC, 2:protein-small molecule interaction assay, 1:cell-based format, 0:none]], [AssayRef:2, data:[3:none, 2:protein expression assay, 1:cell-based format, 0:regulation of gene expression]], [AssayRef:15, data:[3:none, 2:direct enzyme activity assay, 1:single protein format, 0:bontoxilysin activity]], [AssayRef:1, data:[3:Regulator of G-protein signaling 4, 2:protein-protein interaction assay, 1:single protein format, 0:plectin-1]], [AssayRef:3, data:[3:none, 2:none, 1:whole-cell lysate format, 0:none]], [AssayRef:4, data:[3:none, 2:protein expression assay, 1:cell-based format, 0:regulation of gene expression]], [AssayRef:6, data:[3:none, 2:functional assay, 1:cell-based format, 0:bontoxilysin activity]], [AssayRef:5, data:[3:none, 2:fluorescence interference assay, 1:biochemical format, 0:none]], [AssayRef:7, data:[3:none, 2:protein-protein interaction assay, 1:biochemical format, 0:plectin-1]], [AssayRef:8, data:[3:Regulator of G-protein signaling 8, 2:protein-protein interaction assay, 1:single protein format, 0:plectin-1]], [AssayRef:9, data:[3:none, 2:direct enzyme activity assay, 1:biochemical format, 0:bontoxilysin activity]], [AssayRef:10, data:[3:Ion channel NompC, 2:protein-small molecule interaction assay, 1:cell-based format, 0:kinase activity]], [AssayRef:11, data:[3:none, 2:reporter-gene assay, 1:cell-based format, 0:none]], [AssayRef:12, data:[3:Multidrug resistance protein 1, 2:transporter assay, 1:cell-based format, 0:cell death]], [AssayRef:13, data:[3:none, 2:protein expression assay, 1:cell-based format, 0:regulation of gene expression]], [AssayRef:14, data:[3:none, 2:gene-expression assay, 1:cell-based format, 0:immunological synapse formation]]], Assays:[[AssayId:1017, AssayIdx:0, AssayName:Radiotracer Incision Assay (RIA) for Inhibitors of Human Apurinic/apyrimidinic Endonuclease 1 (APE1)], [AssayId:1730, AssayIdx:1, AssayName:Inhibitors of Bloom's syndrome helicase: Efflux Ratio Profiling Assay], [AssayId:1732, AssayIdx:2, AssayName:Inhibitors of Bloom's syndrome helicase: Aqueous Profiling Assay], [AssayId:1733, AssayIdx:3, AssayName:Inhibitors of Bloom's syndrome helicase: Metabolic Stability Profiling], [AssayId:1735, AssayIdx:4, AssayName:Inhibitors of APE1: Caco-2 Cell Permeability Profiling], [AssayId:1612, AssayIdx:5, AssayName:Inhibitors of APE1: Mouse Plasma Stability Profiling], [AssayId:1651, AssayIdx:6, AssayName:Inhibitors of APE1: Metabolic Stability Profiling], [AssayId:1604, AssayIdx:7, AssayName:Inhibitors of APE1: Aqueous Solubility Profiling], [AssayId:2483, AssayIdx:8, AssayName:qHTS Assay for Inhibitors of Bloom's syndrome helicase (BLM)], [AssayId:2472, AssayIdx:9, AssayName:qHTS Assay for Inhibitors of the Human Apurinic/apyrimidinic Endonuclease 1 (APE1)], [AssayId:2623, AssayIdx:10, AssayName:qHTS FP-Based Assay for Inhibitors of the Human Apurinic/apyrimidinic Endonuclease 1 (APE1)], [AssayId:3402, AssayIdx:11, AssayName:qHTS Assay for Inhibitors of BRCT-Phosphoprotein Interaction (Green Fluorophore)], [AssayId:3418, AssayIdx:12, AssayName:qHTS Assay for Inhibitors of BRCT-Phosphoprotein Interaction (Red Fluorophore)], [AssayId:3594, AssayIdx:13, AssayName:Homologous recombination_Rad 51_dose response_2], [AssayId:3874, AssayIdx:14, AssayName:Homologous recombination - Rad 51], [AssayId:537, AssayIdx:15, AssayName:Late stage assay provider results from the probe development effort to identify inhibitors of Wee1 degradation: luminescence-based cell-based assay to identify inhibitors of Wee1 degradation]]]

	at cow.LinkedVisHierDataUnitSpec.test createCombinedListing(LinkedVisHierDataUnitSpec.groovy:80)
2013-06-21 14:00:18,021 [main] ERROR StackTrace  - Full Stack Trace:
junit.framework.AssertionFailedError: Condition not satisfied:

userJson.getClass().name == 'java.util.ArrayList'
|        |          |    |
|        |          |    false
|        |          |    8 differences (57% similarity)
|        |          |    java.util.(H--)a(shMap)
|        |          |    java.util.(Arr)a(yList)
|        |          java.util.HashMap
|        class java.util.HashMap
[Category:[[Structure:[:], CatRef:0, HierType:Graph], [Structure:[:], CatRef:1, HierType:Tree], [Structure:[:], CatRef:2, HierType:Tree], [Structure:[:], CatRef:3, HierType:Tree]], AssayCross:[[AssayRef:0, data:[3:Ion channel NompC, 2:protein-small molecule interaction assay, 1:cell-based format, 0:none]], [AssayRef:2, data:[3:none, 2:protein expression assay, 1:cell-based format, 0:regulation of gene expression]], [AssayRef:15, data:[3:none, 2:direct enzyme activity assay, 1:single protein format, 0:bontoxilysin activity]], [AssayRef:1, data:[3:Regulator of G-protein signaling 4, 2:protein-protein interaction assay, 1:single protein format, 0:plectin-1]], [AssayRef:3, data:[3:none, 2:none, 1:whole-cell lysate format, 0:none]], [AssayRef:4, data:[3:none, 2:protein expression assay, 1:cell-based format, 0:regulation of gene expression]], [AssayRef:6, data:[3:none, 2:functional assay, 1:cell-based format, 0:bontoxilysin activity]], [AssayRef:5, data:[3:none, 2:fluorescence interference assay, 1:biochemical format, 0:none]], [AssayRef:7, data:[3:none, 2:protein-protein interaction assay, 1:biochemical format, 0:plectin-1]], [AssayRef:8, data:[3:Regulator of G-protein signaling 8, 2:protein-protein interaction assay, 1:single protein format, 0:plectin-1]], [AssayRef:9, data:[3:none, 2:direct enzyme activity assay, 1:biochemical format, 0:bontoxilysin activity]], [AssayRef:10, data:[3:Ion channel NompC, 2:protein-small molecule interaction assay, 1:cell-based format, 0:kinase activity]], [AssayRef:11, data:[3:none, 2:reporter-gene assay, 1:cell-based format, 0:none]], [AssayRef:12, data:[3:Multidrug resistance protein 1, 2:transporter assay, 1:cell-based format, 0:cell death]], [AssayRef:13, data:[3:none, 2:protein expression assay, 1:cell-based format, 0:regulation of gene expression]], [AssayRef:14, data:[3:none, 2:gene-expression assay, 1:cell-based format, 0:immunological synapse formation]]], Assays:[[AssayId:1017, AssayIdx:0, AssayName:Radiotracer Incision Assay (RIA) for Inhibitors of Human Apurinic/apyrimidinic Endonuclease 1 (APE1)], [AssayId:1730, AssayIdx:1, AssayName:Inhibitors of Bloom's syndrome helicase: Efflux Ratio Profiling Assay], [AssayId:1732, AssayIdx:2, AssayName:Inhibitors of Bloom's syndrome helicase: Aqueous Profiling Assay], [AssayId:1733, AssayIdx:3, AssayName:Inhibitors of Bloom's syndrome helicase: Metabolic Stability Profiling], [AssayId:1735, AssayIdx:4, AssayName:Inhibitors of APE1: Caco-2 Cell Permeability Profiling], [AssayId:1612, AssayIdx:5, AssayName:Inhibitors of APE1: Mouse Plasma Stability Profiling], [AssayId:1651, AssayIdx:6, AssayName:Inhibitors of APE1: Metabolic Stability Profiling], [AssayId:1604, AssayIdx:7, AssayName:Inhibitors of APE1: Aqueous Solubility Profiling], [AssayId:2483, AssayIdx:8, AssayName:qHTS Assay for Inhibitors of Bloom's syndrome helicase (BLM)], [AssayId:2472, AssayIdx:9, AssayName:qHTS Assay for Inhibitors of the Human Apurinic/apyrimidinic Endonuclease 1 (APE1)], [AssayId:2623, AssayIdx:10, AssayName:qHTS FP-Based Assay for Inhibitors of the Human Apurinic/apyrimidinic Endonuclease 1 (APE1)], [AssayId:3402, AssayIdx:11, AssayName:qHTS Assay for Inhibitors of BRCT-Phosphoprotein Interaction (Green Fluorophore)], [AssayId:3418, AssayIdx:12, AssayName:qHTS Assay for Inhibitors of BRCT-Phosphoprotein Interaction (Red Fluorophore)], [AssayId:3594, AssayIdx:13, AssayName:Homologous recombination_Rad 51_dose response_2], [AssayId:3874, AssayIdx:14, AssayName:Homologous recombination - Rad 51], [AssayId:537, AssayIdx:15, AssayName:Late stage assay provider results from the probe development effort to identify inhibitors of Wee1 degradation: luminescence-based cell-based assay to identify inhibitors of Wee1 degradation]]]

	at cow.LinkedVisHierDataUnitSpec.test createCombinedListing(LinkedVisHierDataUnitSpec.groovy:80)
2013-06-21 14:00:18,021 [main] ERROR StackTrace  - Full Stack Trace:
junit.framework.AssertionFailedError: Condition not satisfied:

userJson.getClass().name == 'java.util.ArrayList'
|        |          |    |
|        |          |    false
|        |          |    8 differences (57% similarity)
|        |          |    java.util.(H--)a(shMap)
|        |          |    java.util.(Arr)a(yList)
|        |          java.util.HashMap
|        class java.util.HashMap
[Category:[[Structure:[:], CatRef:0, HierType:Graph], [Structure:[:], CatRef:1, HierType:Tree], [Structure:[:], CatRef:2, HierType:Tree], [Structure:[:], CatRef:3, HierType:Tree]], AssayCross:[[AssayRef:0, data:[3:Ion channel NompC, 2:protein-small molecule interaction assay, 1:cell-based format, 0:none]], [AssayRef:2, data:[3:none, 2:protein expression assay, 1:cell-based format, 0:regulation of gene expression]], [AssayRef:15, data:[3:none, 2:direct enzyme activity assay, 1:single protein format, 0:bontoxilysin activity]], [AssayRef:1, data:[3:Regulator of G-protein signaling 4, 2:protein-protein interaction assay, 1:single protein format, 0:plectin-1]], [AssayRef:3, data:[3:none, 2:none, 1:whole-cell lysate format, 0:none]], [AssayRef:4, data:[3:none, 2:protein expression assay, 1:cell-based format, 0:regulation of gene expression]], [AssayRef:6, data:[3:none, 2:functional assay, 1:cell-based format, 0:bontoxilysin activity]], [AssayRef:5, data:[3:none, 2:fluorescence interference assay, 1:biochemical format, 0:none]], [AssayRef:7, data:[3:none, 2:protein-protein interaction assay, 1:biochemical format, 0:plectin-1]], [AssayRef:8, data:[3:Regulator of G-protein signaling 8, 2:protein-protein interaction assay, 1:single protein format, 0:plectin-1]], [AssayRef:9, data:[3:none, 2:direct enzyme activity assay, 1:biochemical format, 0:bontoxilysin activity]], [AssayRef:10, data:[3:Ion channel NompC, 2:protein-small molecule interaction assay, 1:cell-based format, 0:kinase activity]], [AssayRef:11, data:[3:none, 2:reporter-gene assay, 1:cell-based format, 0:none]], [AssayRef:12, data:[3:Multidrug resistance protein 1, 2:transporter assay, 1:cell-based format, 0:cell death]], [AssayRef:13, data:[3:none, 2:protein expression assay, 1:cell-based format, 0:regulation of gene expression]], [AssayRef:14, data:[3:none, 2:gene-expression assay, 1:cell-based format, 0:immunological synapse formation]]], Assays:[[AssayId:1017, AssayIdx:0, AssayName:Radiotracer Incision Assay (RIA) for Inhibitors of Human Apurinic/apyrimidinic Endonuclease 1 (APE1)], [AssayId:1730, AssayIdx:1, AssayName:Inhibitors of Bloom's syndrome helicase: Efflux Ratio Profiling Assay], [AssayId:1732, AssayIdx:2, AssayName:Inhibitors of Bloom's syndrome helicase: Aqueous Profiling Assay], [AssayId:1733, AssayIdx:3, AssayName:Inhibitors of Bloom's syndrome helicase: Metabolic Stability Profiling], [AssayId:1735, AssayIdx:4, AssayName:Inhibitors of APE1: Caco-2 Cell Permeability Profiling], [AssayId:1612, AssayIdx:5, AssayName:Inhibitors of APE1: Mouse Plasma Stability Profiling], [AssayId:1651, AssayIdx:6, AssayName:Inhibitors of APE1: Metabolic Stability Profiling], [AssayId:1604, AssayIdx:7, AssayName:Inhibitors of APE1: Aqueous Solubility Profiling], [AssayId:2483, AssayIdx:8, AssayName:qHTS Assay for Inhibitors of Bloom's syndrome helicase (BLM)], [AssayId:2472, AssayIdx:9, AssayName:qHTS Assay for Inhibitors of the Human Apurinic/apyrimidinic Endonuclease 1 (APE1)], [AssayId:2623, AssayIdx:10, AssayName:qHTS FP-Based Assay for Inhibitors of the Human Apurinic/apyrimidinic Endonuclease 1 (APE1)], [AssayId:3402, AssayIdx:11, AssayName:qHTS Assay for Inhibitors of BRCT-Phosphoprotein Interaction (Green Fluorophore)], [AssayId:3418, AssayIdx:12, AssayName:qHTS Assay for Inhibitors of BRCT-Phosphoprotein Interaction (Red Fluorophore)], [AssayId:3594, AssayIdx:13, AssayName:Homologous recombination_Rad 51_dose response_2], [AssayId:3874, AssayIdx:14, AssayName:Homologous recombination - Rad 51], [AssayId:537, AssayIdx:15, AssayName:Late stage assay provider results from the probe development effort to identify inhibitors of Wee1 degradation: luminescence-based cell-based assay to identify inhibitors of Wee1 degradation]]]

	at cow.LinkedVisHierDataUnitSpec.test createCombinedListing(LinkedVisHierDataUnitSpec.groovy:80)
2013-06-21 14:00:18,027 [main] ERROR StackTrace  - Full Stack Trace:
junit.framework.AssertionFailedError: Condition not satisfied:

userJson.getClass().name == 'java.util.ArrayList'
|        |          |    |
|        |          |    false
|        |          |    8 differences (57% similarity)
|        |          |    java.util.(H--)a(shMap)
|        |          |    java.util.(Arr)a(yList)
|        |          java.util.HashMap
|        class java.util.HashMap
[Category:[[Structure:[:], CatRef:0, HierType:Graph], [Structure:[:], CatRef:1, HierType:Tree], [Structure:[:], CatRef:2, HierType:Tree], [Structure:[:], CatRef:3, HierType:Tree]], AssayCross:[[AssayRef:0, data:[3:Ion channel NompC, 2:protein-small molecule interaction assay, 1:cell-based format, 0:none]], [AssayRef:2, data:[3:none, 2:protein expression assay, 1:cell-based format, 0:regulation of gene expression]], [AssayRef:15, data:[3:none, 2:direct enzyme activity assay, 1:single protein format, 0:bontoxilysin activity]], [AssayRef:1, data:[3:Regulator of G-protein signaling 4, 2:protein-protein interaction assay, 1:single protein format, 0:plectin-1]], [AssayRef:3, data:[3:none, 2:none, 1:whole-cell lysate format, 0:none]], [AssayRef:4, data:[3:none, 2:protein expression assay, 1:cell-based format, 0:regulation of gene expression]], [AssayRef:6, data:[3:none, 2:functional assay, 1:cell-based format, 0:bontoxilysin activity]], [AssayRef:5, data:[3:none, 2:fluorescence interference assay, 1:biochemical format, 0:none]], [AssayRef:7, data:[3:none, 2:protein-protein interaction assay, 1:biochemical format, 0:plectin-1]], [AssayRef:8, data:[3:Regulator of G-protein signaling 8, 2:protein-protein interaction assay, 1:single protein format, 0:plectin-1]], [AssayRef:9, data:[3:none, 2:direct enzyme activity assay, 1:biochemical format, 0:bontoxilysin activity]], [AssayRef:10, data:[3:Ion channel NompC, 2:protein-small molecule interaction assay, 1:cell-based format, 0:kinase activity]], [AssayRef:11, data:[3:none, 2:reporter-gene assay, 1:cell-based format, 0:none]], [AssayRef:12, data:[3:Multidrug resistance protein 1, 2:transporter assay, 1:cell-based format, 0:cell death]], [AssayRef:13, data:[3:none, 2:protein expression assay, 1:cell-based format, 0:regulation of gene expression]], [AssayRef:14, data:[3:none, 2:gene-expression assay, 1:cell-based format, 0:immunological synapse formation]]], Assays:[[AssayId:1017, AssayIdx:0, AssayName:Radiotracer Incision Assay (RIA) for Inhibitors of Human Apurinic/apyrimidinic Endonuclease 1 (APE1)], [AssayId:1730, AssayIdx:1, AssayName:Inhibitors of Bloom's syndrome helicase: Efflux Ratio Profiling Assay], [AssayId:1732, AssayIdx:2, AssayName:Inhibitors of Bloom's syndrome helicase: Aqueous Profiling Assay], [AssayId:1733, AssayIdx:3, AssayName:Inhibitors of Bloom's syndrome helicase: Metabolic Stability Profiling], [AssayId:1735, AssayIdx:4, AssayName:Inhibitors of APE1: Caco-2 Cell Permeability Profiling], [AssayId:1612, AssayIdx:5, AssayName:Inhibitors of APE1: Mouse Plasma Stability Profiling], [AssayId:1651, AssayIdx:6, AssayName:Inhibitors of APE1: Metabolic Stability Profiling], [AssayId:1604, AssayIdx:7, AssayName:Inhibitors of APE1: Aqueous Solubility Profiling], [AssayId:2483, AssayIdx:8, AssayName:qHTS Assay for Inhibitors of Bloom's syndrome helicase (BLM)], [AssayId:2472, AssayIdx:9, AssayName:qHTS Assay for Inhibitors of the Human Apurinic/apyrimidinic Endonuclease 1 (APE1)], [AssayId:2623, AssayIdx:10, AssayName:qHTS FP-Based Assay for Inhibitors of the Human Apurinic/apyrimidinic Endonuclease 1 (APE1)], [AssayId:3402, AssayIdx:11, AssayName:qHTS Assay for Inhibitors of BRCT-Phosphoprotein Interaction (Green Fluorophore)], [AssayId:3418, AssayIdx:12, AssayName:qHTS Assay for Inhibitors of BRCT-Phosphoprotein Interaction (Red Fluorophore)], [AssayId:3594, AssayIdx:13, AssayName:Homologous recombination_Rad 51_dose response_2], [AssayId:3874, AssayIdx:14, AssayName:Homologous recombination - Rad 51], [AssayId:537, AssayIdx:15, AssayName:Late stage assay provider results from the probe development effort to identify inhibitors of Wee1 degradation: luminescence-based cell-based assay to identify inhibitors of Wee1 degradation]]]

	at cow.LinkedVisHierDataUnitSpec.test createCombinedListing(LinkedVisHierDataUnitSpec.groovy:80)
2013-06-21 14:00:18,027 [main] ERROR StackTrace  - Full Stack Trace:
junit.framework.AssertionFailedError: Condition not satisfied:

userJson.getClass().name == 'java.util.ArrayList'
|        |          |    |
|        |          |    false
|        |          |    8 differences (57% similarity)
|        |          |    java.util.(H--)a(shMap)
|        |          |    java.util.(Arr)a(yList)
|        |          java.util.HashMap
|        class java.util.HashMap
[Category:[[Structure:[:], CatRef:0, HierType:Graph], [Structure:[:], CatRef:1, HierType:Tree], [Structure:[:], CatRef:2, HierType:Tree], [Structure:[:], CatRef:3, HierType:Tree]], AssayCross:[[AssayRef:0, data:[3:Ion channel NompC, 2:protein-small molecule interaction assay, 1:cell-based format, 0:none]], [AssayRef:2, data:[3:none, 2:protein expression assay, 1:cell-based format, 0:regulation of gene expression]], [AssayRef:15, data:[3:none, 2:direct enzyme activity assay, 1:single protein format, 0:bontoxilysin activity]], [AssayRef:1, data:[3:Regulator of G-protein signaling 4, 2:protein-protein interaction assay, 1:single protein format, 0:plectin-1]], [AssayRef:3, data:[3:none, 2:none, 1:whole-cell lysate format, 0:none]], [AssayRef:4, data:[3:none, 2:protein expression assay, 1:cell-based format, 0:regulation of gene expression]], [AssayRef:6, data:[3:none, 2:functional assay, 1:cell-based format, 0:bontoxilysin activity]], [AssayRef:5, data:[3:none, 2:fluorescence interference assay, 1:biochemical format, 0:none]], [AssayRef:7, data:[3:none, 2:protein-protein interaction assay, 1:biochemical format, 0:plectin-1]], [AssayRef:8, data:[3:Regulator of G-protein signaling 8, 2:protein-protein interaction assay, 1:single protein format, 0:plectin-1]], [AssayRef:9, data:[3:none, 2:direct enzyme activity assay, 1:biochemical format, 0:bontoxilysin activity]], [AssayRef:10, data:[3:Ion channel NompC, 2:protein-small molecule interaction assay, 1:cell-based format, 0:kinase activity]], [AssayRef:11, data:[3:none, 2:reporter-gene assay, 1:cell-based format, 0:none]], [AssayRef:12, data:[3:Multidrug resistance protein 1, 2:transporter assay, 1:cell-based format, 0:cell death]], [AssayRef:13, data:[3:none, 2:protein expression assay, 1:cell-based format, 0:regulation of gene expression]], [AssayRef:14, data:[3:none, 2:gene-expression assay, 1:cell-based format, 0:immunological synapse formation]]], Assays:[[AssayId:1017, AssayIdx:0, AssayName:Radiotracer Incision Assay (RIA) for Inhibitors of Human Apurinic/apyrimidinic Endonuclease 1 (APE1)], [AssayId:1730, AssayIdx:1, AssayName:Inhibitors of Bloom's syndrome helicase: Efflux Ratio Profiling Assay], [AssayId:1732, AssayIdx:2, AssayName:Inhibitors of Bloom's syndrome helicase: Aqueous Profiling Assay], [AssayId:1733, AssayIdx:3, AssayName:Inhibitors of Bloom's syndrome helicase: Metabolic Stability Profiling], [AssayId:1735, AssayIdx:4, AssayName:Inhibitors of APE1: Caco-2 Cell Permeability Profiling], [AssayId:1612, AssayIdx:5, AssayName:Inhibitors of APE1: Mouse Plasma Stability Profiling], [AssayId:1651, AssayIdx:6, AssayName:Inhibitors of APE1: Metabolic Stability Profiling], [AssayId:1604, AssayIdx:7, AssayName:Inhibitors of APE1: Aqueous Solubility Profiling], [AssayId:2483, AssayIdx:8, AssayName:qHTS Assay for Inhibitors of Bloom's syndrome helicase (BLM)], [AssayId:2472, AssayIdx:9, AssayName:qHTS Assay for Inhibitors of the Human Apurinic/apyrimidinic Endonuclease 1 (APE1)], [AssayId:2623, AssayIdx:10, AssayName:qHTS FP-Based Assay for Inhibitors of the Human Apurinic/apyrimidinic Endonuclease 1 (APE1)], [AssayId:3402, AssayIdx:11, AssayName:qHTS Assay for Inhibitors of BRCT-Phosphoprotein Interaction (Green Fluorophore)], [AssayId:3418, AssayIdx:12, AssayName:qHTS Assay for Inhibitors of BRCT-Phosphoprotein Interaction (Red Fluorophore)], [AssayId:3594, AssayIdx:13, AssayName:Homologous recombination_Rad 51_dose response_2], [AssayId:3874, AssayIdx:14, AssayName:Homologous recombination - Rad 51], [AssayId:537, AssayIdx:15, AssayName:Late stage assay provider results from the probe development effort to identify inhibitors of Wee1 degradation: luminescence-based cell-based assay to identify inhibitors of Wee1 degradation]]]

	at cow.LinkedVisHierDataUnitSpec.test createCombinedListing(LinkedVisHierDataUnitSpec.groovy:80)
2013-06-24 08:31:50,121 [main] ERROR StackTrace  - Full Stack Trace:
groovy.json.JsonException: Expected a string key on line: 8, column: 2.
But got '[' instead.
	at groovy.json.JsonSlurper.parseObject(JsonSlurper.java:187)
	at groovy.json.JsonSlurper.parseObject(JsonSlurper.java:233)
	at groovy.json.JsonSlurper.parseArray(JsonSlurper.java:114)
	at groovy.json.JsonSlurper.parse(JsonSlurper.java:77)
	at groovy.json.JsonSlurper.parseText(JsonSlurper.java:59)
	at cow.LinkedVisHierDataUnitSpec.test writeHierSection(LinkedVisHierDataUnitSpec.groovy:41)
2013-06-24 08:31:50,123 [main] ERROR StackTrace  - Full Stack Trace:
groovy.json.JsonException: Expected a string key on line: 8, column: 2.
But got '[' instead.
	at cow.LinkedVisHierDataUnitSpec.test writeHierSection(LinkedVisHierDataUnitSpec.groovy:41)
2013-06-24 08:31:50,125 [main] ERROR StackTrace  - Full Stack Trace:
groovy.json.JsonException: Expected a string key on line: 8, column: 2.
But got '[' instead.
	at cow.LinkedVisHierDataUnitSpec.test writeHierSection(LinkedVisHierDataUnitSpec.groovy:41)
2013-06-24 08:31:50,125 [main] ERROR StackTrace  - Full Stack Trace:
groovy.json.JsonException: Expected a string key on line: 8, column: 2.
But got '[' instead.
	at cow.LinkedVisHierDataUnitSpec.test writeHierSection(LinkedVisHierDataUnitSpec.groovy:41)
2013-06-24 08:31:50,130 [main] ERROR StackTrace  - Full Stack Trace:
groovy.json.JsonException: Expected a string key on line: 8, column: 2.
But got '[' instead.
	at cow.LinkedVisHierDataUnitSpec.test writeHierSection(LinkedVisHierDataUnitSpec.groovy:41)
2013-06-24 08:31:50,130 [main] ERROR StackTrace  - Full Stack Trace:
groovy.json.JsonException: Expected a string key on line: 8, column: 2.
But got '[' instead.
	at cow.LinkedVisHierDataUnitSpec.test writeHierSection(LinkedVisHierDataUnitSpec.groovy:41)
2013-06-24 08:31:50,235 [main] ERROR StackTrace  - Full Stack Trace:
groovy.json.JsonException: Expected a string key on line: 20, column: 2.
But got '[' instead.
	at groovy.json.JsonSlurper.parseObject(JsonSlurper.java:187)
	at groovy.json.JsonSlurper.parseObject(JsonSlurper.java:233)
	at groovy.json.JsonSlurper.parseArray(JsonSlurper.java:114)
	at groovy.json.JsonSlurper.parseObject(JsonSlurper.java:235)
	at groovy.json.JsonSlurper.parse(JsonSlurper.java:75)
	at groovy.json.JsonSlurper.parseText(JsonSlurper.java:59)
	at cow.LinkedVisHierDataUnitSpec.test createCombinedListing(LinkedVisHierDataUnitSpec.groovy:79)
2013-06-24 08:31:50,235 [main] ERROR StackTrace  - Full Stack Trace:
groovy.json.JsonException: Expected a string key on line: 20, column: 2.
But got '[' instead.
	at cow.LinkedVisHierDataUnitSpec.test createCombinedListing(LinkedVisHierDataUnitSpec.groovy:79)
2013-06-24 08:31:50,236 [main] ERROR StackTrace  - Full Stack Trace:
groovy.json.JsonException: Expected a string key on line: 20, column: 2.
But got '[' instead.
	at cow.LinkedVisHierDataUnitSpec.test createCombinedListing(LinkedVisHierDataUnitSpec.groovy:79)
2013-06-24 08:31:50,236 [main] ERROR StackTrace  - Full Stack Trace:
groovy.json.JsonException: Expected a string key on line: 20, column: 2.
But got '[' instead.
	at cow.LinkedVisHierDataUnitSpec.test createCombinedListing(LinkedVisHierDataUnitSpec.groovy:79)
2013-06-24 08:31:50,236 [main] ERROR StackTrace  - Full Stack Trace:
groovy.json.JsonException: Expected a string key on line: 20, column: 2.
But got '[' instead.
	at cow.LinkedVisHierDataUnitSpec.test createCombinedListing(LinkedVisHierDataUnitSpec.groovy:79)
2013-06-24 08:31:50,236 [main] ERROR StackTrace  - Full Stack Trace:
groovy.json.JsonException: Expected a string key on line: 20, column: 2.
But got '[' instead.
	at cow.LinkedVisHierDataUnitSpec.test createCombinedListing(LinkedVisHierDataUnitSpec.groovy:79)
